{"/Users/marten/Projects/taggy-sdk/src/client.ts": {"path":"/Users/marten/Projects/taggy-sdk/src/client.ts","all":false,"statementMap":{"5":{"start":{"line":6,"column":0},"end":{"line":6,"column":64}},"7":{"start":{"line":8,"column":0},"end":{"line":8,"column":66}},"8":{"start":{"line":9,"column":0},"end":{"line":9,"column":58}},"9":{"start":{"line":10,"column":0},"end":{"line":10,"column":46}},"10":{"start":{"line":11,"column":0},"end":{"line":11,"column":52}},"11":{"start":{"line":12,"column":0},"end":{"line":12,"column":44}},"12":{"start":{"line":13,"column":0},"end":{"line":13,"column":52}},"13":{"start":{"line":14,"column":0},"end":{"line":14,"column":60}},"14":{"start":{"line":15,"column":0},"end":{"line":15,"column":48}},"15":{"start":{"line":16,"column":0},"end":{"line":16,"column":48}},"16":{"start":{"line":17,"column":0},"end":{"line":17,"column":48}},"17":{"start":{"line":18,"column":0},"end":{"line":18,"column":50}},"18":{"start":{"line":19,"column":0},"end":{"line":19,"column":52}},"19":{"start":{"line":20,"column":0},"end":{"line":20,"column":56}},"20":{"start":{"line":21,"column":0},"end":{"line":21,"column":42}},"21":{"start":{"line":22,"column":0},"end":{"line":22,"column":54}},"22":{"start":{"line":23,"column":0},"end":{"line":23,"column":50}},"28":{"start":{"line":29,"column":0},"end":{"line":29,"column":26}},"29":{"start":{"line":30,"column":0},"end":{"line":30,"column":39}},"30":{"start":{"line":31,"column":0},"end":{"line":31,"column":48}},"35":{"start":{"line":36,"column":0},"end":{"line":36,"column":29}},"36":{"start":{"line":37,"column":0},"end":{"line":37,"column":35}},"37":{"start":{"line":38,"column":0},"end":{"line":38,"column":28}},"38":{"start":{"line":39,"column":0},"end":{"line":39,"column":35}},"39":{"start":{"line":40,"column":0},"end":{"line":40,"column":43}},"40":{"start":{"line":41,"column":0},"end":{"line":41,"column":31}},"41":{"start":{"line":42,"column":0},"end":{"line":42,"column":31}},"42":{"start":{"line":43,"column":0},"end":{"line":43,"column":31}},"43":{"start":{"line":44,"column":0},"end":{"line":44,"column":33}},"44":{"start":{"line":45,"column":0},"end":{"line":45,"column":35}},"45":{"start":{"line":46,"column":0},"end":{"line":46,"column":39}},"46":{"start":{"line":47,"column":0},"end":{"line":47,"column":25}},"47":{"start":{"line":48,"column":0},"end":{"line":48,"column":37}},"48":{"start":{"line":49,"column":0},"end":{"line":49,"column":33}},"54":{"start":{"line":55,"column":0},"end":{"line":55,"column":50}},"55":{"start":{"line":56,"column":0},"end":{"line":56,"column":50}},"59":{"start":{"line":60,"column":0},"end":{"line":60,"column":40}},"62":{"start":{"line":63,"column":0},"end":{"line":63,"column":28}},"63":{"start":{"line":64,"column":0},"end":{"line":64,"column":35}},"64":{"start":{"line":65,"column":0},"end":{"line":65,"column":13}},"65":{"start":{"line":66,"column":0},"end":{"line":66,"column":18}},"66":{"start":{"line":67,"column":0},"end":{"line":67,"column":45}},"67":{"start":{"line":68,"column":0},"end":{"line":68,"column":37}},"68":{"start":{"line":69,"column":0},"end":{"line":69,"column":58}},"69":{"start":{"line":70,"column":0},"end":{"line":70,"column":33}},"70":{"start":{"line":71,"column":0},"end":{"line":71,"column":10}},"71":{"start":{"line":72,"column":0},"end":{"line":72,"column":8}},"72":{"start":{"line":73,"column":0},"end":{"line":73,"column":7}},"75":{"start":{"line":76,"column":0},"end":{"line":76,"column":43}},"78":{"start":{"line":79,"column":0},"end":{"line":79,"column":27}},"79":{"start":{"line":80,"column":0},"end":{"line":80,"column":68}},"80":{"start":{"line":81,"column":0},"end":{"line":81,"column":5}},"83":{"start":{"line":84,"column":0},"end":{"line":84,"column":46}},"84":{"start":{"line":85,"column":0},"end":{"line":85,"column":52}},"85":{"start":{"line":86,"column":0},"end":{"line":86,"column":45}},"86":{"start":{"line":87,"column":0},"end":{"line":87,"column":52}},"87":{"start":{"line":88,"column":0},"end":{"line":88,"column":60}},"88":{"start":{"line":89,"column":0},"end":{"line":89,"column":48}},"89":{"start":{"line":90,"column":0},"end":{"line":90,"column":48}},"90":{"start":{"line":91,"column":0},"end":{"line":91,"column":48}},"91":{"start":{"line":92,"column":0},"end":{"line":92,"column":50}},"92":{"start":{"line":93,"column":0},"end":{"line":93,"column":52}},"93":{"start":{"line":94,"column":0},"end":{"line":94,"column":56}},"94":{"start":{"line":95,"column":0},"end":{"line":95,"column":42}},"95":{"start":{"line":96,"column":0},"end":{"line":96,"column":54}},"96":{"start":{"line":97,"column":0},"end":{"line":97,"column":50}},"97":{"start":{"line":98,"column":0},"end":{"line":98,"column":3}},"104":{"start":{"line":105,"column":0},"end":{"line":105,"column":56}},"105":{"start":{"line":106,"column":0},"end":{"line":106,"column":18}},"106":{"start":{"line":107,"column":0},"end":{"line":107,"column":18}},"107":{"start":{"line":108,"column":0},"end":{"line":108,"column":30}},"108":{"start":{"line":109,"column":0},"end":{"line":109,"column":75}},"109":{"start":{"line":110,"column":0},"end":{"line":110,"column":10}},"111":{"start":{"line":112,"column":0},"end":{"line":112,"column":92}},"112":{"start":{"line":113,"column":0},"end":{"line":113,"column":31}},"113":{"start":{"line":114,"column":0},"end":{"line":114,"column":7}},"116":{"start":{"line":117,"column":0},"end":{"line":117,"column":48}},"119":{"start":{"line":120,"column":0},"end":{"line":120,"column":32}},"120":{"start":{"line":121,"column":0},"end":{"line":121,"column":50}},"121":{"start":{"line":122,"column":0},"end":{"line":122,"column":56}},"122":{"start":{"line":123,"column":0},"end":{"line":123,"column":7}},"124":{"start":{"line":125,"column":0},"end":{"line":125,"column":35}},"125":{"start":{"line":126,"column":0},"end":{"line":126,"column":52}},"126":{"start":{"line":127,"column":0},"end":{"line":127,"column":7}},"128":{"start":{"line":129,"column":0},"end":{"line":129,"column":34}},"129":{"start":{"line":130,"column":0},"end":{"line":130,"column":67}},"130":{"start":{"line":131,"column":0},"end":{"line":131,"column":7}},"133":{"start":{"line":134,"column":0},"end":{"line":134,"column":42}},"134":{"start":{"line":135,"column":0},"end":{"line":135,"column":16}},"135":{"start":{"line":136,"column":0},"end":{"line":136,"column":25}},"136":{"start":{"line":137,"column":0},"end":{"line":137,"column":8}},"138":{"start":{"line":139,"column":0},"end":{"line":139,"column":32}},"139":{"start":{"line":140,"column":0},"end":{"line":140,"column":6}},"140":{"start":{"line":141,"column":0},"end":{"line":141,"column":3}},"146":{"start":{"line":147,"column":0},"end":{"line":147,"column":28}},"147":{"start":{"line":148,"column":0},"end":{"line":148,"column":30}},"148":{"start":{"line":149,"column":0},"end":{"line":149,"column":3}},"154":{"start":{"line":155,"column":0},"end":{"line":155,"column":37}},"155":{"start":{"line":156,"column":0},"end":{"line":156,"column":24}},"156":{"start":{"line":157,"column":0},"end":{"line":157,"column":3}},"157":{"start":{"line":158,"column":0},"end":{"line":158,"column":1}}},"s":{"5":1,"7":1,"8":1,"9":1,"10":1,"11":1,"12":1,"13":1,"14":1,"15":1,"16":1,"17":1,"18":1,"19":1,"20":1,"21":1,"22":1,"28":1,"29":1,"30":25,"35":25,"36":25,"37":25,"38":25,"39":25,"40":25,"41":25,"42":25,"43":25,"44":25,"45":25,"46":25,"47":25,"48":25,"54":1,"55":25,"59":25,"62":25,"63":25,"64":25,"65":25,"66":25,"67":25,"68":25,"69":25,"70":25,"71":25,"72":25,"75":25,"78":25,"79":5,"80":5,"83":25,"84":25,"85":25,"86":25,"87":25,"88":25,"89":25,"90":25,"91":25,"92":25,"93":25,"94":25,"95":25,"96":25,"97":25,"104":1,"105":5,"106":4,"107":4,"108":4,"109":4,"111":4,"112":1,"113":1,"116":3,"119":4,"120":1,"121":1,"122":1,"124":2,"125":1,"126":1,"128":1,"129":1,"130":1,"133":3,"134":3,"135":3,"136":3,"138":3,"139":4,"140":5,"146":1,"147":3,"148":3,"154":1,"155":1,"156":1,"157":1},"branchMap":{"0":{"type":"branch","line":30,"loc":{"start":{"line":30,"column":19},"end":{"line":49,"column":33}},"locations":[{"start":{"line":30,"column":19},"end":{"line":49,"column":33}}]},"1":{"type":"branch","line":55,"loc":{"start":{"line":55,"column":2},"end":{"line":98,"column":3}},"locations":[{"start":{"line":55,"column":2},"end":{"line":98,"column":3}}]},"2":{"type":"branch","line":79,"loc":{"start":{"line":79,"column":26},"end":{"line":81,"column":5}},"locations":[{"start":{"line":79,"column":26},"end":{"line":81,"column":5}}]},"3":{"type":"branch","line":105,"loc":{"start":{"line":105,"column":10},"end":{"line":141,"column":3}},"locations":[{"start":{"line":105,"column":10},"end":{"line":141,"column":3}}]},"4":{"type":"branch","line":106,"loc":{"start":{"line":106,"column":11},"end":{"line":140,"column":6}},"locations":[{"start":{"line":106,"column":11},"end":{"line":140,"column":6}}]},"5":{"type":"branch","line":112,"loc":{"start":{"line":112,"column":45},"end":{"line":112,"column":91}},"locations":[{"start":{"line":112,"column":45},"end":{"line":112,"column":91}}]},"6":{"type":"branch","line":112,"loc":{"start":{"line":112,"column":91},"end":{"line":114,"column":7}},"locations":[{"start":{"line":112,"column":91},"end":{"line":114,"column":7}}]},"7":{"type":"branch","line":114,"loc":{"start":{"line":114,"column":6},"end":{"line":120,"column":31}},"locations":[{"start":{"line":114,"column":6},"end":{"line":120,"column":31}}]},"8":{"type":"branch","line":120,"loc":{"start":{"line":120,"column":31},"end":{"line":123,"column":7}},"locations":[{"start":{"line":120,"column":31},"end":{"line":123,"column":7}}]},"9":{"type":"branch","line":123,"loc":{"start":{"line":123,"column":6},"end":{"line":131,"column":7}},"locations":[{"start":{"line":123,"column":6},"end":{"line":131,"column":7}}]},"10":{"type":"branch","line":125,"loc":{"start":{"line":125,"column":34},"end":{"line":131,"column":7}},"locations":[{"start":{"line":125,"column":34},"end":{"line":131,"column":7}}]},"11":{"type":"branch","line":131,"loc":{"start":{"line":131,"column":6},"end":{"line":139,"column":32}},"locations":[{"start":{"line":131,"column":6},"end":{"line":139,"column":32}}]},"12":{"type":"branch","line":147,"loc":{"start":{"line":147,"column":2},"end":{"line":149,"column":3}},"locations":[{"start":{"line":147,"column":2},"end":{"line":149,"column":3}}]},"13":{"type":"branch","line":155,"loc":{"start":{"line":155,"column":2},"end":{"line":157,"column":3}},"locations":[{"start":{"line":155,"column":2},"end":{"line":157,"column":3}}]}},"b":{"0":[25],"1":[25],"2":[5],"3":[5],"4":[4],"5":[3],"6":[1],"7":[3],"8":[1],"9":[2],"10":[1],"11":[3],"12":[3],"13":[1]},"fnMap":{"0":{"name":"<instance_members_initializer>","decl":{"start":{"line":30,"column":19},"end":{"line":49,"column":33}},"loc":{"start":{"line":30,"column":19},"end":{"line":49,"column":33}},"line":30},"1":{"name":"TaggyClient","decl":{"start":{"line":55,"column":2},"end":{"line":98,"column":3}},"loc":{"start":{"line":55,"column":2},"end":{"line":98,"column":3}},"line":55},"2":{"name":"createAuthMiddleware","decl":{"start":{"line":105,"column":10},"end":{"line":141,"column":3}},"loc":{"start":{"line":105,"column":10},"end":{"line":141,"column":3}},"line":105},"3":{"name":"getConfig","decl":{"start":{"line":147,"column":2},"end":{"line":149,"column":3}},"loc":{"start":{"line":147,"column":2},"end":{"line":149,"column":3}},"line":147},"4":{"name":"getFetcher","decl":{"start":{"line":155,"column":2},"end":{"line":157,"column":3}},"loc":{"start":{"line":155,"column":2},"end":{"line":157,"column":3}},"line":155}},"f":{"0":25,"1":25,"2":5,"3":3,"4":1}}
,"/Users/marten/Projects/taggy-sdk/src/config.ts": {"path":"/Users/marten/Projects/taggy-sdk/src/config.ts","all":false,"statementMap":{"5":{"start":{"line":6,"column":0},"end":{"line":6,"column":34}},"70":{"start":{"line":71,"column":0},"end":{"line":71,"column":43}},"71":{"start":{"line":72,"column":0},"end":{"line":72,"column":42}},"72":{"start":{"line":73,"column":0},"end":{"line":73,"column":19}},"73":{"start":{"line":74,"column":0},"end":{"line":74,"column":15}},"74":{"start":{"line":75,"column":0},"end":{"line":75,"column":16}},"75":{"start":{"line":76,"column":0},"end":{"line":76,"column":19}},"76":{"start":{"line":77,"column":0},"end":{"line":77,"column":14}},"77":{"start":{"line":78,"column":0},"end":{"line":78,"column":2}}},"s":{"5":1,"70":1,"71":1,"72":1,"73":1,"74":1,"75":1,"76":1,"77":1},"branchMap":{},"b":{},"fnMap":{},"f":{}}
,"/Users/marten/Projects/taggy-sdk/src/index.ts": {"path":"/Users/marten/Projects/taggy-sdk/src/index.ts","all":false,"statementMap":{"6":{"start":{"line":7,"column":0},"end":{"line":7,"column":39}},"10":{"start":{"line":11,"column":0},"end":{"line":11,"column":41}},"13":{"start":{"line":14,"column":0},"end":{"line":14,"column":46}},"14":{"start":{"line":15,"column":0},"end":{"line":15,"column":52}},"15":{"start":{"line":16,"column":0},"end":{"line":16,"column":44}},"16":{"start":{"line":17,"column":0},"end":{"line":17,"column":52}},"17":{"start":{"line":18,"column":0},"end":{"line":18,"column":60}},"18":{"start":{"line":19,"column":0},"end":{"line":19,"column":48}},"19":{"start":{"line":20,"column":0},"end":{"line":20,"column":48}},"20":{"start":{"line":21,"column":0},"end":{"line":21,"column":48}},"21":{"start":{"line":22,"column":0},"end":{"line":22,"column":50}},"22":{"start":{"line":23,"column":0},"end":{"line":23,"column":52}},"23":{"start":{"line":24,"column":0},"end":{"line":24,"column":56}},"24":{"start":{"line":25,"column":0},"end":{"line":25,"column":42}},"25":{"start":{"line":26,"column":0},"end":{"line":26,"column":54}},"26":{"start":{"line":27,"column":0},"end":{"line":27,"column":50}},"29":{"start":{"line":30,"column":0},"end":{"line":30,"column":8}},"39":{"start":{"line":40,"column":0},"end":{"line":40,"column":32}},"42":{"start":{"line":43,"column":0},"end":{"line":43,"column":31}}},"s":{"6":1,"10":1,"13":1,"14":1,"15":1,"16":1,"17":1,"18":1,"19":1,"20":1,"21":1,"22":1,"23":1,"24":1,"25":1,"26":1,"29":1,"39":1,"42":1},"branchMap":{},"b":{},"fnMap":{},"f":{}}
,"/Users/marten/Projects/taggy-sdk/src/interceptors/auth.ts": {"path":"/Users/marten/Projects/taggy-sdk/src/interceptors/auth.ts","all":false,"statementMap":{"13":{"start":{"line":14,"column":0},"end":{"line":14,"column":63}},"14":{"start":{"line":15,"column":0},"end":{"line":15,"column":16}},"15":{"start":{"line":16,"column":0},"end":{"line":16,"column":16}},"16":{"start":{"line":17,"column":0},"end":{"line":17,"column":28}},"17":{"start":{"line":18,"column":0},"end":{"line":18,"column":73}},"18":{"start":{"line":19,"column":0},"end":{"line":19,"column":8}},"20":{"start":{"line":21,"column":0},"end":{"line":21,"column":78}},"21":{"start":{"line":22,"column":0},"end":{"line":22,"column":29}},"22":{"start":{"line":23,"column":0},"end":{"line":23,"column":5}},"25":{"start":{"line":26,"column":0},"end":{"line":26,"column":34}},"28":{"start":{"line":29,"column":0},"end":{"line":29,"column":30}},"29":{"start":{"line":30,"column":0},"end":{"line":30,"column":48}},"30":{"start":{"line":31,"column":0},"end":{"line":31,"column":64}},"31":{"start":{"line":32,"column":0},"end":{"line":32,"column":34}},"32":{"start":{"line":33,"column":0},"end":{"line":33,"column":5}},"35":{"start":{"line":36,"column":0},"end":{"line":36,"column":27}},"36":{"start":{"line":37,"column":0},"end":{"line":37,"column":75}},"37":{"start":{"line":38,"column":0},"end":{"line":38,"column":34}},"38":{"start":{"line":39,"column":0},"end":{"line":39,"column":5}},"41":{"start":{"line":42,"column":0},"end":{"line":42,"column":32}},"42":{"start":{"line":43,"column":0},"end":{"line":43,"column":4}},"43":{"start":{"line":44,"column":0},"end":{"line":44,"column":1}}},"s":{"13":1,"14":6,"15":6,"16":6,"17":6,"18":6,"20":6,"21":2,"22":2,"25":4,"28":6,"29":2,"30":2,"31":2,"32":2,"35":6,"36":1,"37":1,"38":1,"41":1,"42":6,"43":6},"branchMap":{"0":{"type":"branch","line":14,"loc":{"start":{"line":14,"column":7},"end":{"line":44,"column":1}},"locations":[{"start":{"line":14,"column":7},"end":{"line":44,"column":1}}]},"1":{"type":"branch","line":15,"loc":{"start":{"line":15,"column":9},"end":{"line":43,"column":4}},"locations":[{"start":{"line":15,"column":9},"end":{"line":43,"column":4}}]},"2":{"type":"branch","line":21,"loc":{"start":{"line":21,"column":37},"end":{"line":21,"column":77}},"locations":[{"start":{"line":21,"column":37},"end":{"line":21,"column":77}}]},"3":{"type":"branch","line":21,"loc":{"start":{"line":21,"column":77},"end":{"line":23,"column":5}},"locations":[{"start":{"line":21,"column":77},"end":{"line":23,"column":5}}]},"4":{"type":"branch","line":23,"loc":{"start":{"line":23,"column":4},"end":{"line":29,"column":29}},"locations":[{"start":{"line":23,"column":4},"end":{"line":29,"column":29}}]},"5":{"type":"branch","line":29,"loc":{"start":{"line":29,"column":29},"end":{"line":36,"column":26}},"locations":[{"start":{"line":29,"column":29},"end":{"line":36,"column":26}}]},"6":{"type":"branch","line":36,"loc":{"start":{"line":36,"column":26},"end":{"line":42,"column":32}},"locations":[{"start":{"line":36,"column":26},"end":{"line":42,"column":32}}]}},"b":{"0":[6],"1":[6],"2":[5],"3":[2],"4":[4],"5":[2],"6":[1]},"fnMap":{"0":{"name":"createAuthInterceptor","decl":{"start":{"line":14,"column":7},"end":{"line":44,"column":1}},"loc":{"start":{"line":14,"column":7},"end":{"line":44,"column":1}},"line":14}},"f":{"0":6}}
,"/Users/marten/Projects/taggy-sdk/src/interceptors/error.ts": {"path":"/Users/marten/Projects/taggy-sdk/src/interceptors/error.ts","all":false,"statementMap":{"11":{"start":{"line":12,"column":0},"end":{"line":12,"column":39}},"15":{"start":{"line":16,"column":0},"end":{"line":16,"column":17}},"20":{"start":{"line":21,"column":0},"end":{"line":21,"column":15}},"25":{"start":{"line":26,"column":0},"end":{"line":26,"column":23}},"34":{"start":{"line":35,"column":0},"end":{"line":35,"column":84}},"35":{"start":{"line":36,"column":0},"end":{"line":36,"column":19}},"36":{"start":{"line":37,"column":0},"end":{"line":37,"column":29}},"37":{"start":{"line":38,"column":0},"end":{"line":38,"column":25}},"38":{"start":{"line":39,"column":0},"end":{"line":39,"column":21}},"39":{"start":{"line":40,"column":0},"end":{"line":40,"column":39}},"42":{"start":{"line":43,"column":0},"end":{"line":43,"column":54}},"43":{"start":{"line":44,"column":0},"end":{"line":44,"column":3}},"44":{"start":{"line":45,"column":0},"end":{"line":45,"column":1}},"49":{"start":{"line":50,"column":0},"end":{"line":50,"column":53}},"50":{"start":{"line":51,"column":0},"end":{"line":51,"column":68}},"51":{"start":{"line":52,"column":0},"end":{"line":52,"column":45}},"52":{"start":{"line":53,"column":0},"end":{"line":53,"column":38}},"55":{"start":{"line":56,"column":0},"end":{"line":56,"column":63}},"56":{"start":{"line":57,"column":0},"end":{"line":57,"column":3}},"57":{"start":{"line":58,"column":0},"end":{"line":58,"column":1}},"62":{"start":{"line":63,"column":0},"end":{"line":63,"column":52}},"63":{"start":{"line":64,"column":0},"end":{"line":64,"column":68}},"64":{"start":{"line":65,"column":0},"end":{"line":65,"column":45}},"65":{"start":{"line":66,"column":0},"end":{"line":66,"column":37}},"68":{"start":{"line":69,"column":0},"end":{"line":69,"column":62}},"69":{"start":{"line":70,"column":0},"end":{"line":70,"column":3}},"70":{"start":{"line":71,"column":0},"end":{"line":71,"column":1}},"75":{"start":{"line":76,"column":0},"end":{"line":76,"column":47}},"76":{"start":{"line":77,"column":0},"end":{"line":77,"column":68}},"77":{"start":{"line":78,"column":0},"end":{"line":78,"column":45}},"78":{"start":{"line":79,"column":0},"end":{"line":79,"column":32}},"81":{"start":{"line":82,"column":0},"end":{"line":82,"column":57}},"82":{"start":{"line":83,"column":0},"end":{"line":83,"column":3}},"83":{"start":{"line":84,"column":0},"end":{"line":84,"column":1}},"88":{"start":{"line":89,"column":0},"end":{"line":89,"column":49}},"92":{"start":{"line":93,"column":0},"end":{"line":93,"column":35}},"94":{"start":{"line":95,"column":0},"end":{"line":95,"column":14}},"95":{"start":{"line":96,"column":0},"end":{"line":96,"column":20}},"96":{"start":{"line":97,"column":0},"end":{"line":97,"column":17}},"97":{"start":{"line":98,"column":0},"end":{"line":98,"column":37}},"98":{"start":{"line":99,"column":0},"end":{"line":99,"column":25}},"99":{"start":{"line":100,"column":0},"end":{"line":100,"column":5}},"100":{"start":{"line":101,"column":0},"end":{"line":101,"column":45}},"101":{"start":{"line":102,"column":0},"end":{"line":102,"column":34}},"102":{"start":{"line":103,"column":0},"end":{"line":103,"column":25}},"105":{"start":{"line":106,"column":0},"end":{"line":106,"column":59}},"106":{"start":{"line":107,"column":0},"end":{"line":107,"column":3}},"107":{"start":{"line":108,"column":0},"end":{"line":108,"column":1}},"112":{"start":{"line":113,"column":0},"end":{"line":113,"column":48}},"116":{"start":{"line":117,"column":0},"end":{"line":117,"column":16}},"118":{"start":{"line":119,"column":0},"end":{"line":119,"column":83}},"119":{"start":{"line":120,"column":0},"end":{"line":120,"column":45}},"120":{"start":{"line":121,"column":0},"end":{"line":121,"column":33}},"121":{"start":{"line":122,"column":0},"end":{"line":122,"column":27}},"124":{"start":{"line":125,"column":0},"end":{"line":125,"column":58}},"125":{"start":{"line":126,"column":0},"end":{"line":126,"column":3}},"126":{"start":{"line":127,"column":0},"end":{"line":127,"column":1}},"132":{"start":{"line":133,"column":0},"end":{"line":133,"column":50}},"133":{"start":{"line":134,"column":0},"end":{"line":134,"column":16}},"134":{"start":{"line":135,"column":0},"end":{"line":135,"column":16}},"135":{"start":{"line":136,"column":0},"end":{"line":136,"column":28}},"136":{"start":{"line":137,"column":0},"end":{"line":137,"column":73}},"137":{"start":{"line":138,"column":0},"end":{"line":138,"column":8}},"138":{"start":{"line":139,"column":0},"end":{"line":139,"column":9}},"139":{"start":{"line":140,"column":0},"end":{"line":140,"column":45}},"142":{"start":{"line":143,"column":0},"end":{"line":143,"column":25}},"143":{"start":{"line":144,"column":0},"end":{"line":144,"column":60}},"145":{"start":{"line":146,"column":0},"end":{"line":146,"column":39}},"146":{"start":{"line":147,"column":0},"end":{"line":147,"column":74}},"147":{"start":{"line":148,"column":0},"end":{"line":148,"column":68}},"150":{"start":{"line":151,"column":0},"end":{"line":151,"column":46}},"153":{"start":{"line":154,"column":0},"end":{"line":154,"column":25}},"154":{"start":{"line":155,"column":0},"end":{"line":155,"column":19}},"155":{"start":{"line":156,"column":0},"end":{"line":156,"column":74}},"157":{"start":{"line":158,"column":0},"end":{"line":158,"column":19}},"158":{"start":{"line":159,"column":0},"end":{"line":159,"column":73}},"160":{"start":{"line":161,"column":0},"end":{"line":161,"column":19}},"161":{"start":{"line":162,"column":0},"end":{"line":162,"column":68}},"163":{"start":{"line":164,"column":0},"end":{"line":164,"column":19}},"164":{"start":{"line":165,"column":0},"end":{"line":165,"column":38}},"165":{"start":{"line":166,"column":0},"end":{"line":166,"column":27}},"166":{"start":{"line":167,"column":0},"end":{"line":167,"column":24}},"167":{"start":{"line":168,"column":0},"end":{"line":168,"column":63}},"168":{"start":{"line":169,"column":0},"end":{"line":169,"column":20}},"169":{"start":{"line":170,"column":0},"end":{"line":170,"column":14}},"171":{"start":{"line":172,"column":0},"end":{"line":172,"column":19}},"172":{"start":{"line":173,"column":0},"end":{"line":173,"column":57}},"173":{"start":{"line":174,"column":0},"end":{"line":174,"column":120}},"175":{"start":{"line":176,"column":0},"end":{"line":176,"column":78}},"177":{"start":{"line":178,"column":0},"end":{"line":178,"column":18}},"178":{"start":{"line":179,"column":0},"end":{"line":179,"column":73}},"179":{"start":{"line":180,"column":0},"end":{"line":180,"column":9}},"180":{"start":{"line":181,"column":0},"end":{"line":181,"column":7}},"182":{"start":{"line":183,"column":0},"end":{"line":183,"column":22}},"183":{"start":{"line":184,"column":0},"end":{"line":184,"column":21}},"185":{"start":{"line":186,"column":0},"end":{"line":186,"column":40}},"186":{"start":{"line":187,"column":0},"end":{"line":187,"column":20}},"187":{"start":{"line":188,"column":0},"end":{"line":188,"column":7}},"190":{"start":{"line":191,"column":0},"end":{"line":191,"column":35}},"191":{"start":{"line":192,"column":0},"end":{"line":192,"column":92}},"192":{"start":{"line":193,"column":0},"end":{"line":193,"column":7}},"195":{"start":{"line":196,"column":0},"end":{"line":196,"column":90}},"196":{"start":{"line":197,"column":0},"end":{"line":197,"column":5}},"197":{"start":{"line":198,"column":0},"end":{"line":198,"column":4}},"198":{"start":{"line":199,"column":0},"end":{"line":199,"column":1}}},"s":{"11":1,"15":1,"20":21,"25":21,"34":1,"35":21,"36":21,"37":21,"38":21,"39":21,"42":21,"43":21,"44":1,"49":1,"50":1,"51":2,"52":2,"55":2,"56":2,"57":1,"62":1,"63":1,"64":2,"65":2,"68":2,"69":2,"70":1,"75":1,"76":1,"77":2,"78":2,"81":2,"82":2,"83":1,"88":1,"92":1,"94":1,"95":2,"96":2,"97":2,"98":2,"99":2,"100":2,"101":2,"102":2,"105":2,"106":2,"107":1,"112":1,"116":1,"118":1,"119":3,"120":3,"121":3,"124":3,"125":3,"126":1,"132":1,"133":37,"134":22,"135":22,"136":22,"137":22,"138":22,"139":22,"142":22,"143":15,"145":15,"146":15,"147":15,"150":15,"153":15,"154":15,"155":2,"157":15,"158":2,"160":15,"161":2,"163":15,"164":2,"165":2,"166":2,"167":2,"168":2,"169":2,"171":15,"172":3,"173":3,"175":3,"177":15,"178":4,"179":15,"180":0,"182":1,"183":22,"185":21,"186":16,"187":16,"190":21,"191":2,"192":2,"195":3,"196":3,"197":22,"198":37},"branchMap":{"0":{"type":"branch","line":16,"loc":{"start":{"line":16,"column":2},"end":{"line":26,"column":23}},"locations":[{"start":{"line":16,"column":2},"end":{"line":26,"column":23}}]},"1":{"type":"branch","line":35,"loc":{"start":{"line":35,"column":2},"end":{"line":44,"column":3}},"locations":[{"start":{"line":35,"column":2},"end":{"line":44,"column":3}}]},"2":{"type":"branch","line":51,"loc":{"start":{"line":51,"column":2},"end":{"line":57,"column":3}},"locations":[{"start":{"line":51,"column":2},"end":{"line":57,"column":3}}]},"3":{"type":"branch","line":64,"loc":{"start":{"line":64,"column":2},"end":{"line":70,"column":3}},"locations":[{"start":{"line":64,"column":2},"end":{"line":70,"column":3}}]},"4":{"type":"branch","line":77,"loc":{"start":{"line":77,"column":2},"end":{"line":83,"column":3}},"locations":[{"start":{"line":77,"column":2},"end":{"line":83,"column":3}}]},"5":{"type":"branch","line":93,"loc":{"start":{"line":93,"column":2},"end":{"line":93,"column":35}},"locations":[{"start":{"line":93,"column":2},"end":{"line":93,"column":35}}]},"6":{"type":"branch","line":95,"loc":{"start":{"line":95,"column":2},"end":{"line":107,"column":3}},"locations":[{"start":{"line":95,"column":2},"end":{"line":107,"column":3}}]},"7":{"type":"branch","line":117,"loc":{"start":{"line":117,"column":2},"end":{"line":117,"column":16}},"locations":[{"start":{"line":117,"column":2},"end":{"line":117,"column":16}}]},"8":{"type":"branch","line":119,"loc":{"start":{"line":119,"column":2},"end":{"line":126,"column":3}},"locations":[{"start":{"line":119,"column":2},"end":{"line":126,"column":3}}]},"9":{"type":"branch","line":133,"loc":{"start":{"line":133,"column":7},"end":{"line":199,"column":1}},"locations":[{"start":{"line":133,"column":7},"end":{"line":199,"column":1}}]},"10":{"type":"branch","line":134,"loc":{"start":{"line":134,"column":9},"end":{"line":198,"column":4}},"locations":[{"start":{"line":134,"column":9},"end":{"line":198,"column":4}}]},"11":{"type":"branch","line":140,"loc":{"start":{"line":140,"column":43},"end":{"line":143,"column":24}},"locations":[{"start":{"line":140,"column":43},"end":{"line":143,"column":24}}]},"12":{"type":"branch","line":143,"loc":{"start":{"line":143,"column":24},"end":{"line":181,"column":7}},"locations":[{"start":{"line":143,"column":24},"end":{"line":181,"column":7}}]},"13":{"type":"branch","line":144,"loc":{"start":{"line":144,"column":49},"end":{"line":144,"column":60}},"locations":[{"start":{"line":144,"column":49},"end":{"line":144,"column":60}}]},"14":{"type":"branch","line":147,"loc":{"start":{"line":147,"column":36},"end":{"line":147,"column":74}},"locations":[{"start":{"line":147,"column":36},"end":{"line":147,"column":74}}]},"15":{"type":"branch","line":148,"loc":{"start":{"line":148,"column":33},"end":{"line":148,"column":68}},"locations":[{"start":{"line":148,"column":33},"end":{"line":148,"column":68}}]},"16":{"type":"branch","line":155,"loc":{"start":{"line":155,"column":10},"end":{"line":156,"column":74}},"locations":[{"start":{"line":155,"column":10},"end":{"line":156,"column":74}}]},"17":{"type":"branch","line":158,"loc":{"start":{"line":158,"column":10},"end":{"line":159,"column":73}},"locations":[{"start":{"line":158,"column":10},"end":{"line":159,"column":73}}]},"18":{"type":"branch","line":161,"loc":{"start":{"line":161,"column":10},"end":{"line":162,"column":68}},"locations":[{"start":{"line":161,"column":10},"end":{"line":162,"column":68}}]},"19":{"type":"branch","line":164,"loc":{"start":{"line":164,"column":10},"end":{"line":170,"column":14}},"locations":[{"start":{"line":164,"column":10},"end":{"line":170,"column":14}}]},"20":{"type":"branch","line":168,"loc":{"start":{"line":168,"column":21},"end":{"line":168,"column":63}},"locations":[{"start":{"line":168,"column":21},"end":{"line":168,"column":63}}]},"21":{"type":"branch","line":172,"loc":{"start":{"line":172,"column":10},"end":{"line":176,"column":78}},"locations":[{"start":{"line":172,"column":10},"end":{"line":176,"column":78}}]},"22":{"type":"branch","line":174,"loc":{"start":{"line":174,"column":28},"end":{"line":174,"column":68}},"locations":[{"start":{"line":174,"column":28},"end":{"line":174,"column":68}}]},"23":{"type":"branch","line":174,"loc":{"start":{"line":174,"column":64},"end":{"line":174,"column":120}},"locations":[{"start":{"line":174,"column":64},"end":{"line":174,"column":120}}]},"24":{"type":"branch","line":178,"loc":{"start":{"line":178,"column":10},"end":{"line":179,"column":73}},"locations":[{"start":{"line":178,"column":10},"end":{"line":179,"column":73}}]},"25":{"type":"branch","line":180,"loc":{"start":{"line":180,"column":8},"end":{"line":181,"column":7}},"locations":[{"start":{"line":180,"column":8},"end":{"line":181,"column":7}}]},"26":{"type":"branch","line":181,"loc":{"start":{"line":181,"column":6},"end":{"line":184,"column":13}},"locations":[{"start":{"line":181,"column":6},"end":{"line":184,"column":13}}]},"27":{"type":"branch","line":184,"loc":{"start":{"line":184,"column":4},"end":{"line":197,"column":5}},"locations":[{"start":{"line":184,"column":4},"end":{"line":197,"column":5}}]},"28":{"type":"branch","line":186,"loc":{"start":{"line":186,"column":39},"end":{"line":188,"column":7}},"locations":[{"start":{"line":186,"column":39},"end":{"line":188,"column":7}}]},"29":{"type":"branch","line":188,"loc":{"start":{"line":188,"column":6},"end":{"line":191,"column":34}},"locations":[{"start":{"line":188,"column":6},"end":{"line":191,"column":34}}]},"30":{"type":"branch","line":191,"loc":{"start":{"line":191,"column":34},"end":{"line":193,"column":7}},"locations":[{"start":{"line":191,"column":34},"end":{"line":193,"column":7}}]},"31":{"type":"branch","line":193,"loc":{"start":{"line":193,"column":6},"end":{"line":197,"column":5}},"locations":[{"start":{"line":193,"column":6},"end":{"line":197,"column":5}}]}},"b":{"0":[21],"1":[21],"2":[2],"3":[2],"4":[2],"5":[2],"6":[2],"7":[3],"8":[3],"9":[37],"10":[22],"11":[16],"12":[15],"13":[2],"14":[2],"15":[2],"16":[2],"17":[2],"18":[2],"19":[2],"20":[0],"21":[3],"22":[2],"23":[1],"24":[4],"25":[0],"26":[1],"27":[21],"28":[16],"29":[5],"30":[2],"31":[3]},"fnMap":{"0":{"name":"<instance_members_initializer>","decl":{"start":{"line":16,"column":2},"end":{"line":26,"column":23}},"loc":{"start":{"line":16,"column":2},"end":{"line":26,"column":23}},"line":16},"1":{"name":"TaggyError","decl":{"start":{"line":35,"column":2},"end":{"line":44,"column":3}},"loc":{"start":{"line":35,"column":2},"end":{"line":44,"column":3}},"line":35},"2":{"name":"AuthenticationError","decl":{"start":{"line":51,"column":2},"end":{"line":57,"column":3}},"loc":{"start":{"line":51,"column":2},"end":{"line":57,"column":3}},"line":51},"3":{"name":"AuthorizationError","decl":{"start":{"line":64,"column":2},"end":{"line":70,"column":3}},"loc":{"start":{"line":64,"column":2},"end":{"line":70,"column":3}},"line":64},"4":{"name":"NotFoundError","decl":{"start":{"line":77,"column":2},"end":{"line":83,"column":3}},"loc":{"start":{"line":77,"column":2},"end":{"line":83,"column":3}},"line":77},"5":{"name":"<instance_members_initializer>","decl":{"start":{"line":93,"column":2},"end":{"line":93,"column":35}},"loc":{"start":{"line":93,"column":2},"end":{"line":93,"column":35}},"line":93},"6":{"name":"ValidationError","decl":{"start":{"line":95,"column":2},"end":{"line":107,"column":3}},"loc":{"start":{"line":95,"column":2},"end":{"line":107,"column":3}},"line":95},"7":{"name":"<instance_members_initializer>","decl":{"start":{"line":117,"column":2},"end":{"line":117,"column":16}},"loc":{"start":{"line":117,"column":2},"end":{"line":117,"column":16}},"line":117},"8":{"name":"RateLimitError","decl":{"start":{"line":119,"column":2},"end":{"line":126,"column":3}},"loc":{"start":{"line":119,"column":2},"end":{"line":126,"column":3}},"line":119},"9":{"name":"createErrorHandler","decl":{"start":{"line":133,"column":7},"end":{"line":199,"column":1}},"loc":{"start":{"line":133,"column":7},"end":{"line":199,"column":1}},"line":133}},"f":{"0":21,"1":21,"2":2,"3":2,"4":2,"5":2,"6":2,"7":3,"8":3,"9":37}}
,"/Users/marten/Projects/taggy-sdk/src/services/ai.ts": {"path":"/Users/marten/Projects/taggy-sdk/src/services/ai.ts","all":false,"statementMap":{"5":{"start":{"line":6,"column":0},"end":{"line":6,"column":37}},"22":{"start":{"line":23,"column":0},"end":{"line":23,"column":44}},"27":{"start":{"line":28,"column":0},"end":{"line":28,"column":45}},"28":{"start":{"line":29,"column":0},"end":{"line":29,"column":19}},"29":{"start":{"line":30,"column":0},"end":{"line":30,"column":3}},"36":{"start":{"line":37,"column":0},"end":{"line":37,"column":90}},"37":{"start":{"line":38,"column":0},"end":{"line":38,"column":57}},"38":{"start":{"line":39,"column":0},"end":{"line":39,"column":3}},"44":{"start":{"line":45,"column":0},"end":{"line":45,"column":51}},"45":{"start":{"line":46,"column":0},"end":{"line":46,"column":48}},"46":{"start":{"line":47,"column":0},"end":{"line":47,"column":3}},"52":{"start":{"line":53,"column":0},"end":{"line":53,"column":53}},"53":{"start":{"line":54,"column":0},"end":{"line":54,"column":52}},"54":{"start":{"line":55,"column":0},"end":{"line":55,"column":3}},"61":{"start":{"line":62,"column":0},"end":{"line":62,"column":90}},"62":{"start":{"line":63,"column":0},"end":{"line":63,"column":58}},"63":{"start":{"line":64,"column":0},"end":{"line":64,"column":3}},"70":{"start":{"line":71,"column":0},"end":{"line":71,"column":76}},"71":{"start":{"line":72,"column":0},"end":{"line":72,"column":51}},"72":{"start":{"line":73,"column":0},"end":{"line":73,"column":70}},"73":{"start":{"line":74,"column":0},"end":{"line":74,"column":6}},"74":{"start":{"line":75,"column":0},"end":{"line":75,"column":3}},"80":{"start":{"line":81,"column":0},"end":{"line":81,"column":51}},"81":{"start":{"line":82,"column":0},"end":{"line":82,"column":47}},"82":{"start":{"line":83,"column":0},"end":{"line":83,"column":3}},"83":{"start":{"line":84,"column":0},"end":{"line":84,"column":1}}},"s":{"5":1,"22":1,"27":1,"28":31,"29":31,"36":1,"37":1,"38":1,"44":1,"45":1,"46":1,"52":1,"53":1,"54":1,"61":1,"62":1,"63":1,"70":1,"71":1,"72":1,"73":1,"74":1,"80":1,"81":1,"82":1,"83":1},"branchMap":{"0":{"type":"branch","line":28,"loc":{"start":{"line":28,"column":2},"end":{"line":30,"column":3}},"locations":[{"start":{"line":28,"column":2},"end":{"line":30,"column":3}}]},"1":{"type":"branch","line":37,"loc":{"start":{"line":37,"column":2},"end":{"line":39,"column":3}},"locations":[{"start":{"line":37,"column":2},"end":{"line":39,"column":3}}]},"2":{"type":"branch","line":45,"loc":{"start":{"line":45,"column":2},"end":{"line":47,"column":3}},"locations":[{"start":{"line":45,"column":2},"end":{"line":47,"column":3}}]},"3":{"type":"branch","line":53,"loc":{"start":{"line":53,"column":2},"end":{"line":55,"column":3}},"locations":[{"start":{"line":53,"column":2},"end":{"line":55,"column":3}}]},"4":{"type":"branch","line":62,"loc":{"start":{"line":62,"column":2},"end":{"line":64,"column":3}},"locations":[{"start":{"line":62,"column":2},"end":{"line":64,"column":3}}]},"5":{"type":"branch","line":71,"loc":{"start":{"line":71,"column":2},"end":{"line":75,"column":3}},"locations":[{"start":{"line":71,"column":2},"end":{"line":75,"column":3}}]},"6":{"type":"branch","line":81,"loc":{"start":{"line":81,"column":2},"end":{"line":83,"column":3}},"locations":[{"start":{"line":81,"column":2},"end":{"line":83,"column":3}}]}},"b":{"0":[31],"1":[1],"2":[1],"3":[1],"4":[1],"5":[1],"6":[1]},"fnMap":{"0":{"name":"AIService","decl":{"start":{"line":28,"column":2},"end":{"line":30,"column":3}},"loc":{"start":{"line":28,"column":2},"end":{"line":30,"column":3}},"line":28},"1":{"name":"analyzeContent","decl":{"start":{"line":37,"column":2},"end":{"line":39,"column":3}},"loc":{"start":{"line":37,"column":2},"end":{"line":39,"column":3}},"line":37},"2":{"name":"listModels","decl":{"start":{"line":45,"column":2},"end":{"line":47,"column":3}},"loc":{"start":{"line":45,"column":2},"end":{"line":47,"column":3}},"line":45},"3":{"name":"getSettings","decl":{"start":{"line":53,"column":2},"end":{"line":55,"column":3}},"loc":{"start":{"line":53,"column":2},"end":{"line":55,"column":3}},"line":53},"4":{"name":"updateSettings","decl":{"start":{"line":62,"column":2},"end":{"line":64,"column":3}},"loc":{"start":{"line":62,"column":2},"end":{"line":64,"column":3}},"line":62},"5":{"name":"getSuggestions","decl":{"start":{"line":71,"column":2},"end":{"line":75,"column":3}},"loc":{"start":{"line":71,"column":2},"end":{"line":75,"column":3}},"line":71},"6":{"name":"trainModel","decl":{"start":{"line":81,"column":2},"end":{"line":83,"column":3}},"loc":{"start":{"line":81,"column":2},"end":{"line":83,"column":3}},"line":81}},"f":{"0":31,"1":1,"2":1,"3":1,"4":1,"5":1,"6":1}}
,"/Users/marten/Projects/taggy-sdk/src/services/archive.ts": {"path":"/Users/marten/Projects/taggy-sdk/src/services/archive.ts","all":false,"statementMap":{"5":{"start":{"line":6,"column":0},"end":{"line":6,"column":37}},"19":{"start":{"line":20,"column":0},"end":{"line":20,"column":49}},"24":{"start":{"line":25,"column":0},"end":{"line":25,"column":45}},"25":{"start":{"line":26,"column":0},"end":{"line":26,"column":19}},"26":{"start":{"line":27,"column":0},"end":{"line":27,"column":3}},"33":{"start":{"line":34,"column":0},"end":{"line":34,"column":58}},"34":{"start":{"line":35,"column":0},"end":{"line":35,"column":74}},"35":{"start":{"line":36,"column":0},"end":{"line":36,"column":3}},"42":{"start":{"line":43,"column":0},"end":{"line":43,"column":80}},"43":{"start":{"line":44,"column":0},"end":{"line":44,"column":65}},"44":{"start":{"line":45,"column":0},"end":{"line":45,"column":3}},"51":{"start":{"line":52,"column":0},"end":{"line":52,"column":66}},"52":{"start":{"line":53,"column":0},"end":{"line":53,"column":95}},"53":{"start":{"line":54,"column":0},"end":{"line":54,"column":3}},"60":{"start":{"line":61,"column":0},"end":{"line":61,"column":67}},"61":{"start":{"line":62,"column":0},"end":{"line":62,"column":77}},"62":{"start":{"line":63,"column":0},"end":{"line":63,"column":3}},"63":{"start":{"line":64,"column":0},"end":{"line":64,"column":1}}},"s":{"5":1,"19":1,"24":1,"25":29,"26":29,"33":1,"34":1,"35":1,"42":1,"43":1,"44":1,"51":1,"52":1,"53":1,"60":1,"61":1,"62":1,"63":1},"branchMap":{"0":{"type":"branch","line":25,"loc":{"start":{"line":25,"column":2},"end":{"line":27,"column":3}},"locations":[{"start":{"line":25,"column":2},"end":{"line":27,"column":3}}]},"1":{"type":"branch","line":34,"loc":{"start":{"line":34,"column":2},"end":{"line":36,"column":3}},"locations":[{"start":{"line":34,"column":2},"end":{"line":36,"column":3}}]},"2":{"type":"branch","line":43,"loc":{"start":{"line":43,"column":2},"end":{"line":45,"column":3}},"locations":[{"start":{"line":43,"column":2},"end":{"line":45,"column":3}}]},"3":{"type":"branch","line":52,"loc":{"start":{"line":52,"column":2},"end":{"line":54,"column":3}},"locations":[{"start":{"line":52,"column":2},"end":{"line":54,"column":3}}]},"4":{"type":"branch","line":61,"loc":{"start":{"line":61,"column":2},"end":{"line":63,"column":3}},"locations":[{"start":{"line":61,"column":2},"end":{"line":63,"column":3}}]}},"b":{"0":[29],"1":[1],"2":[1],"3":[1],"4":[1]},"fnMap":{"0":{"name":"ArchiveService","decl":{"start":{"line":25,"column":2},"end":{"line":27,"column":3}},"loc":{"start":{"line":25,"column":2},"end":{"line":27,"column":3}},"line":25},"1":{"name":"getById","decl":{"start":{"line":34,"column":2},"end":{"line":36,"column":3}},"loc":{"start":{"line":34,"column":2},"end":{"line":36,"column":3}},"line":34},"2":{"name":"create","decl":{"start":{"line":43,"column":2},"end":{"line":45,"column":3}},"loc":{"start":{"line":43,"column":2},"end":{"line":45,"column":3}},"line":43},"3":{"name":"getStatus","decl":{"start":{"line":52,"column":2},"end":{"line":54,"column":3}},"loc":{"start":{"line":52,"column":2},"end":{"line":54,"column":3}},"line":52},"4":{"name":"deleteArchive","decl":{"start":{"line":61,"column":2},"end":{"line":63,"column":3}},"loc":{"start":{"line":61,"column":2},"end":{"line":63,"column":3}},"line":61}},"f":{"0":29,"1":1,"2":1,"3":1,"4":1}}
,"/Users/marten/Projects/taggy-sdk/src/services/auth.ts": {"path":"/Users/marten/Projects/taggy-sdk/src/services/auth.ts","all":false,"statementMap":{"5":{"start":{"line":6,"column":0},"end":{"line":6,"column":37}},"17":{"start":{"line":18,"column":0},"end":{"line":18,"column":46}},"22":{"start":{"line":23,"column":0},"end":{"line":23,"column":45}},"23":{"start":{"line":24,"column":0},"end":{"line":24,"column":19}},"24":{"start":{"line":25,"column":0},"end":{"line":25,"column":3}},"30":{"start":{"line":31,"column":0},"end":{"line":31,"column":59}},"31":{"start":{"line":32,"column":0},"end":{"line":32,"column":48}},"32":{"start":{"line":33,"column":0},"end":{"line":33,"column":3}},"39":{"start":{"line":40,"column":0},"end":{"line":40,"column":87}},"40":{"start":{"line":41,"column":0},"end":{"line":41,"column":63}},"41":{"start":{"line":42,"column":0},"end":{"line":42,"column":3}},"42":{"start":{"line":43,"column":0},"end":{"line":43,"column":1}}},"s":{"5":1,"17":1,"22":1,"23":28,"24":28,"30":1,"31":1,"32":1,"39":1,"40":2,"41":2,"42":1},"branchMap":{"0":{"type":"branch","line":23,"loc":{"start":{"line":23,"column":2},"end":{"line":25,"column":3}},"locations":[{"start":{"line":23,"column":2},"end":{"line":25,"column":3}}]},"1":{"type":"branch","line":31,"loc":{"start":{"line":31,"column":2},"end":{"line":33,"column":3}},"locations":[{"start":{"line":31,"column":2},"end":{"line":33,"column":3}}]},"2":{"type":"branch","line":40,"loc":{"start":{"line":40,"column":2},"end":{"line":42,"column":3}},"locations":[{"start":{"line":40,"column":2},"end":{"line":42,"column":3}}]}},"b":{"0":[28],"1":[1],"2":[2]},"fnMap":{"0":{"name":"AuthService","decl":{"start":{"line":23,"column":2},"end":{"line":25,"column":3}},"loc":{"start":{"line":23,"column":2},"end":{"line":25,"column":3}},"line":23},"1":{"name":"getCurrentUser","decl":{"start":{"line":31,"column":2},"end":{"line":33,"column":3}},"loc":{"start":{"line":31,"column":2},"end":{"line":33,"column":3}},"line":31},"2":{"name":"validateToken","decl":{"start":{"line":40,"column":2},"end":{"line":42,"column":3}},"loc":{"start":{"line":40,"column":2},"end":{"line":42,"column":3}},"line":40}},"f":{"0":28,"1":1,"2":2}}
,"/Users/marten/Projects/taggy-sdk/src/services/base.ts": {"path":"/Users/marten/Projects/taggy-sdk/src/services/base.ts","all":false,"statementMap":{"12":{"start":{"line":13,"column":0},"end":{"line":13,"column":35}},"16":{"start":{"line":17,"column":0},"end":{"line":17,"column":50}},"22":{"start":{"line":23,"column":0},"end":{"line":23,"column":45}},"23":{"start":{"line":24,"column":0},"end":{"line":24,"column":27}},"24":{"start":{"line":25,"column":0},"end":{"line":25,"column":3}},"32":{"start":{"line":33,"column":0},"end":{"line":33,"column":98}},"33":{"start":{"line":34,"column":0},"end":{"line":34,"column":59}},"34":{"start":{"line":35,"column":0},"end":{"line":35,"column":3}},"42":{"start":{"line":43,"column":0},"end":{"line":43,"column":45}},"43":{"start":{"line":44,"column":0},"end":{"line":44,"column":12}},"44":{"start":{"line":45,"column":0},"end":{"line":45,"column":33}},"45":{"start":{"line":46,"column":0},"end":{"line":46,"column":45}},"46":{"start":{"line":47,"column":0},"end":{"line":47,"column":56}},"47":{"start":{"line":48,"column":0},"end":{"line":48,"column":31}},"48":{"start":{"line":49,"column":0},"end":{"line":49,"column":18}},"49":{"start":{"line":50,"column":0},"end":{"line":50,"column":5}},"50":{"start":{"line":51,"column":0},"end":{"line":51,"column":86}},"51":{"start":{"line":52,"column":0},"end":{"line":52,"column":58}},"52":{"start":{"line":53,"column":0},"end":{"line":53,"column":3}},"61":{"start":{"line":62,"column":0},"end":{"line":62,"column":46}},"62":{"start":{"line":63,"column":0},"end":{"line":63,"column":12}},"63":{"start":{"line":64,"column":0},"end":{"line":64,"column":31}},"64":{"start":{"line":65,"column":0},"end":{"line":65,"column":33}},"65":{"start":{"line":66,"column":0},"end":{"line":66,"column":46}},"66":{"start":{"line":67,"column":0},"end":{"line":67,"column":57}},"67":{"start":{"line":68,"column":0},"end":{"line":68,"column":99}},"68":{"start":{"line":69,"column":0},"end":{"line":69,"column":59}},"69":{"start":{"line":70,"column":0},"end":{"line":70,"column":3}},"78":{"start":{"line":79,"column":0},"end":{"line":79,"column":45}},"79":{"start":{"line":80,"column":0},"end":{"line":80,"column":12}},"80":{"start":{"line":81,"column":0},"end":{"line":81,"column":31}},"81":{"start":{"line":82,"column":0},"end":{"line":82,"column":33}},"82":{"start":{"line":83,"column":0},"end":{"line":83,"column":45}},"83":{"start":{"line":84,"column":0},"end":{"line":84,"column":56}},"84":{"start":{"line":85,"column":0},"end":{"line":85,"column":98}},"85":{"start":{"line":86,"column":0},"end":{"line":86,"column":58}},"86":{"start":{"line":87,"column":0},"end":{"line":87,"column":3}},"95":{"start":{"line":96,"column":0},"end":{"line":96,"column":47}},"96":{"start":{"line":97,"column":0},"end":{"line":97,"column":12}},"97":{"start":{"line":98,"column":0},"end":{"line":98,"column":31}},"98":{"start":{"line":99,"column":0},"end":{"line":99,"column":33}},"99":{"start":{"line":100,"column":0},"end":{"line":100,"column":47}},"100":{"start":{"line":101,"column":0},"end":{"line":101,"column":58}},"101":{"start":{"line":102,"column":0},"end":{"line":102,"column":100}},"102":{"start":{"line":103,"column":0},"end":{"line":103,"column":60}},"103":{"start":{"line":104,"column":0},"end":{"line":104,"column":3}},"111":{"start":{"line":112,"column":0},"end":{"line":112,"column":48}},"112":{"start":{"line":113,"column":0},"end":{"line":113,"column":12}},"113":{"start":{"line":114,"column":0},"end":{"line":114,"column":33}},"114":{"start":{"line":115,"column":0},"end":{"line":115,"column":48}},"115":{"start":{"line":116,"column":0},"end":{"line":116,"column":59}},"116":{"start":{"line":117,"column":0},"end":{"line":117,"column":89}},"117":{"start":{"line":118,"column":0},"end":{"line":118,"column":61}},"118":{"start":{"line":119,"column":0},"end":{"line":119,"column":3}},"119":{"start":{"line":120,"column":0},"end":{"line":120,"column":1}}},"s":{"12":1,"16":1,"22":1,"23":446,"24":446,"32":1,"33":95,"34":95,"42":1,"43":37,"44":37,"45":37,"46":37,"47":37,"48":27,"49":27,"50":37,"51":36,"52":37,"61":1,"62":31,"63":31,"64":31,"65":31,"66":31,"67":31,"68":31,"69":31,"78":1,"79":10,"80":10,"81":10,"82":10,"83":10,"84":10,"85":10,"86":10,"95":1,"96":4,"97":4,"98":4,"99":4,"100":4,"101":4,"102":4,"103":4,"111":1,"112":12,"113":12,"114":12,"115":12,"116":12,"117":12,"118":12,"119":1},"branchMap":{"0":{"type":"branch","line":17,"loc":{"start":{"line":17,"column":21},"end":{"line":17,"column":50}},"locations":[{"start":{"line":17,"column":21},"end":{"line":17,"column":50}}]},"1":{"type":"branch","line":23,"loc":{"start":{"line":23,"column":2},"end":{"line":25,"column":3}},"locations":[{"start":{"line":23,"column":2},"end":{"line":25,"column":3}}]},"2":{"type":"branch","line":33,"loc":{"start":{"line":33,"column":12},"end":{"line":35,"column":3}},"locations":[{"start":{"line":33,"column":12},"end":{"line":35,"column":3}}]},"3":{"type":"branch","line":43,"loc":{"start":{"line":43,"column":2},"end":{"line":53,"column":3}},"locations":[{"start":{"line":43,"column":2},"end":{"line":53,"column":3}}]},"4":{"type":"branch","line":48,"loc":{"start":{"line":48,"column":30},"end":{"line":50,"column":5}},"locations":[{"start":{"line":48,"column":30},"end":{"line":50,"column":5}}]},"5":{"type":"branch","line":51,"loc":{"start":{"line":51,"column":84},"end":{"line":52,"column":58}},"locations":[{"start":{"line":51,"column":84},"end":{"line":52,"column":58}}]},"6":{"type":"branch","line":62,"loc":{"start":{"line":62,"column":2},"end":{"line":70,"column":3}},"locations":[{"start":{"line":62,"column":2},"end":{"line":70,"column":3}}]},"7":{"type":"branch","line":79,"loc":{"start":{"line":79,"column":2},"end":{"line":87,"column":3}},"locations":[{"start":{"line":79,"column":2},"end":{"line":87,"column":3}}]},"8":{"type":"branch","line":96,"loc":{"start":{"line":96,"column":2},"end":{"line":104,"column":3}},"locations":[{"start":{"line":96,"column":2},"end":{"line":104,"column":3}}]},"9":{"type":"branch","line":112,"loc":{"start":{"line":112,"column":2},"end":{"line":119,"column":3}},"locations":[{"start":{"line":112,"column":2},"end":{"line":119,"column":3}}]}},"b":{"0":[446],"1":[446],"2":[95],"3":[37],"4":[27],"5":[36],"6":[31],"7":[10],"8":[4],"9":[12]},"fnMap":{"0":{"name":"<instance_members_initializer>","decl":{"start":{"line":17,"column":21},"end":{"line":17,"column":50}},"loc":{"start":{"line":17,"column":21},"end":{"line":17,"column":50}},"line":17},"1":{"name":"BaseService","decl":{"start":{"line":23,"column":2},"end":{"line":25,"column":3}},"loc":{"start":{"line":23,"column":2},"end":{"line":25,"column":3}},"line":23},"2":{"name":"createOperation","decl":{"start":{"line":33,"column":12},"end":{"line":35,"column":3}},"loc":{"start":{"line":33,"column":12},"end":{"line":35,"column":3}},"line":33},"3":{"name":"get","decl":{"start":{"line":43,"column":2},"end":{"line":53,"column":3}},"loc":{"start":{"line":43,"column":2},"end":{"line":53,"column":3}},"line":43},"4":{"name":"post","decl":{"start":{"line":62,"column":2},"end":{"line":70,"column":3}},"loc":{"start":{"line":62,"column":2},"end":{"line":70,"column":3}},"line":62},"5":{"name":"put","decl":{"start":{"line":79,"column":2},"end":{"line":87,"column":3}},"loc":{"start":{"line":79,"column":2},"end":{"line":87,"column":3}},"line":79},"6":{"name":"patch","decl":{"start":{"line":96,"column":2},"end":{"line":104,"column":3}},"loc":{"start":{"line":96,"column":2},"end":{"line":104,"column":3}},"line":96},"7":{"name":"delete","decl":{"start":{"line":112,"column":2},"end":{"line":119,"column":3}},"loc":{"start":{"line":112,"column":2},"end":{"line":119,"column":3}},"line":112}},"f":{"0":446,"1":446,"2":95,"3":37,"4":31,"5":10,"6":4,"7":12}}
,"/Users/marten/Projects/taggy-sdk/src/services/collections.ts": {"path":"/Users/marten/Projects/taggy-sdk/src/services/collections.ts","all":false,"statementMap":{"5":{"start":{"line":6,"column":0},"end":{"line":6,"column":37}},"24":{"start":{"line":25,"column":0},"end":{"line":25,"column":53}},"29":{"start":{"line":30,"column":0},"end":{"line":30,"column":45}},"30":{"start":{"line":31,"column":0},"end":{"line":31,"column":19}},"31":{"start":{"line":32,"column":0},"end":{"line":32,"column":3}},"38":{"start":{"line":39,"column":0},"end":{"line":39,"column":61}},"39":{"start":{"line":40,"column":0},"end":{"line":40,"column":86}},"40":{"start":{"line":41,"column":0},"end":{"line":41,"column":3}},"47":{"start":{"line":48,"column":0},"end":{"line":48,"column":86}},"48":{"start":{"line":49,"column":0},"end":{"line":49,"column":61}},"49":{"start":{"line":50,"column":0},"end":{"line":50,"column":3}},"56":{"start":{"line":57,"column":0},"end":{"line":57,"column":86}},"57":{"start":{"line":58,"column":0},"end":{"line":58,"column":59}},"58":{"start":{"line":59,"column":0},"end":{"line":59,"column":3}},"66":{"start":{"line":67,"column":0},"end":{"line":67,"column":95}},"67":{"start":{"line":68,"column":0},"end":{"line":68,"column":92}},"68":{"start":{"line":69,"column":0},"end":{"line":69,"column":3}},"75":{"start":{"line":76,"column":0},"end":{"line":76,"column":73}},"76":{"start":{"line":77,"column":0},"end":{"line":77,"column":89}},"77":{"start":{"line":78,"column":0},"end":{"line":78,"column":3}},"85":{"start":{"line":86,"column":0},"end":{"line":86,"column":84}},"86":{"start":{"line":87,"column":0},"end":{"line":87,"column":48}},"87":{"start":{"line":88,"column":0},"end":{"line":88,"column":62}},"88":{"start":{"line":89,"column":0},"end":{"line":89,"column":11}},"89":{"start":{"line":90,"column":0},"end":{"line":90,"column":6}},"90":{"start":{"line":91,"column":0},"end":{"line":91,"column":3}},"98":{"start":{"line":99,"column":0},"end":{"line":99,"column":87}},"99":{"start":{"line":100,"column":0},"end":{"line":100,"column":59}},"100":{"start":{"line":101,"column":0},"end":{"line":101,"column":91}},"101":{"start":{"line":102,"column":0},"end":{"line":102,"column":6}},"102":{"start":{"line":103,"column":0},"end":{"line":103,"column":3}},"103":{"start":{"line":104,"column":0},"end":{"line":104,"column":1}}},"s":{"5":1,"24":1,"29":1,"30":32,"31":32,"38":1,"39":1,"40":1,"47":1,"48":1,"49":1,"56":1,"57":1,"58":1,"66":1,"67":1,"68":1,"75":1,"76":1,"77":1,"85":1,"86":1,"87":1,"88":1,"89":1,"90":1,"98":1,"99":1,"100":1,"101":1,"102":1,"103":1},"branchMap":{"0":{"type":"branch","line":30,"loc":{"start":{"line":30,"column":2},"end":{"line":32,"column":3}},"locations":[{"start":{"line":30,"column":2},"end":{"line":32,"column":3}}]},"1":{"type":"branch","line":39,"loc":{"start":{"line":39,"column":2},"end":{"line":41,"column":3}},"locations":[{"start":{"line":39,"column":2},"end":{"line":41,"column":3}}]},"2":{"type":"branch","line":48,"loc":{"start":{"line":48,"column":2},"end":{"line":50,"column":3}},"locations":[{"start":{"line":48,"column":2},"end":{"line":50,"column":3}}]},"3":{"type":"branch","line":57,"loc":{"start":{"line":57,"column":2},"end":{"line":59,"column":3}},"locations":[{"start":{"line":57,"column":2},"end":{"line":59,"column":3}}]},"4":{"type":"branch","line":67,"loc":{"start":{"line":67,"column":2},"end":{"line":69,"column":3}},"locations":[{"start":{"line":67,"column":2},"end":{"line":69,"column":3}}]},"5":{"type":"branch","line":76,"loc":{"start":{"line":76,"column":2},"end":{"line":78,"column":3}},"locations":[{"start":{"line":76,"column":2},"end":{"line":78,"column":3}}]},"6":{"type":"branch","line":86,"loc":{"start":{"line":86,"column":2},"end":{"line":91,"column":3}},"locations":[{"start":{"line":86,"column":2},"end":{"line":91,"column":3}}]},"7":{"type":"branch","line":99,"loc":{"start":{"line":99,"column":2},"end":{"line":103,"column":3}},"locations":[{"start":{"line":99,"column":2},"end":{"line":103,"column":3}}]}},"b":{"0":[32],"1":[1],"2":[1],"3":[1],"4":[1],"5":[1],"6":[1],"7":[1]},"fnMap":{"0":{"name":"CollectionsService","decl":{"start":{"line":30,"column":2},"end":{"line":32,"column":3}},"loc":{"start":{"line":30,"column":2},"end":{"line":32,"column":3}},"line":30},"1":{"name":"getById","decl":{"start":{"line":39,"column":2},"end":{"line":41,"column":3}},"loc":{"start":{"line":39,"column":2},"end":{"line":41,"column":3}},"line":39},"2":{"name":"list","decl":{"start":{"line":48,"column":2},"end":{"line":50,"column":3}},"loc":{"start":{"line":48,"column":2},"end":{"line":50,"column":3}},"line":48},"3":{"name":"create","decl":{"start":{"line":57,"column":2},"end":{"line":59,"column":3}},"loc":{"start":{"line":57,"column":2},"end":{"line":59,"column":3}},"line":57},"4":{"name":"update","decl":{"start":{"line":67,"column":2},"end":{"line":69,"column":3}},"loc":{"start":{"line":67,"column":2},"end":{"line":69,"column":3}},"line":67},"5":{"name":"deleteCollection","decl":{"start":{"line":76,"column":2},"end":{"line":78,"column":3}},"loc":{"start":{"line":76,"column":2},"end":{"line":78,"column":3}},"line":76},"6":{"name":"addItems","decl":{"start":{"line":86,"column":2},"end":{"line":91,"column":3}},"loc":{"start":{"line":86,"column":2},"end":{"line":91,"column":3}},"line":86},"7":{"name":"removeItem","decl":{"start":{"line":99,"column":2},"end":{"line":103,"column":3}},"loc":{"start":{"line":99,"column":2},"end":{"line":103,"column":3}},"line":99}},"f":{"0":32,"1":1,"2":1,"3":1,"4":1,"5":1,"6":1,"7":1}}
,"/Users/marten/Projects/taggy-sdk/src/services/comments.ts": {"path":"/Users/marten/Projects/taggy-sdk/src/services/comments.ts","all":false,"statementMap":{"5":{"start":{"line":6,"column":0},"end":{"line":6,"column":37}},"17":{"start":{"line":18,"column":0},"end":{"line":18,"column":50}},"22":{"start":{"line":23,"column":0},"end":{"line":23,"column":45}},"23":{"start":{"line":24,"column":0},"end":{"line":24,"column":19}},"24":{"start":{"line":25,"column":0},"end":{"line":25,"column":3}},"31":{"start":{"line":32,"column":0},"end":{"line":32,"column":58}},"32":{"start":{"line":33,"column":0},"end":{"line":33,"column":92}},"33":{"start":{"line":34,"column":0},"end":{"line":34,"column":3}},"40":{"start":{"line":41,"column":0},"end":{"line":41,"column":56}},"41":{"start":{"line":42,"column":0},"end":{"line":42,"column":93}},"42":{"start":{"line":43,"column":0},"end":{"line":43,"column":3}},"49":{"start":{"line":50,"column":0},"end":{"line":50,"column":60}},"50":{"start":{"line":51,"column":0},"end":{"line":51,"column":95}},"51":{"start":{"line":52,"column":0},"end":{"line":52,"column":3}},"52":{"start":{"line":53,"column":0},"end":{"line":53,"column":1}}},"s":{"5":1,"17":1,"22":1,"23":28,"24":28,"31":1,"32":1,"33":1,"40":1,"41":1,"42":1,"49":1,"50":1,"51":1,"52":1},"branchMap":{"0":{"type":"branch","line":23,"loc":{"start":{"line":23,"column":2},"end":{"line":25,"column":3}},"locations":[{"start":{"line":23,"column":2},"end":{"line":25,"column":3}}]},"1":{"type":"branch","line":32,"loc":{"start":{"line":32,"column":2},"end":{"line":34,"column":3}},"locations":[{"start":{"line":32,"column":2},"end":{"line":34,"column":3}}]},"2":{"type":"branch","line":41,"loc":{"start":{"line":41,"column":2},"end":{"line":43,"column":3}},"locations":[{"start":{"line":41,"column":2},"end":{"line":43,"column":3}}]},"3":{"type":"branch","line":50,"loc":{"start":{"line":50,"column":2},"end":{"line":52,"column":3}},"locations":[{"start":{"line":50,"column":2},"end":{"line":52,"column":3}}]}},"b":{"0":[28],"1":[1],"2":[1],"3":[1]},"fnMap":{"0":{"name":"CommentsService","decl":{"start":{"line":23,"column":2},"end":{"line":25,"column":3}},"loc":{"start":{"line":23,"column":2},"end":{"line":25,"column":3}},"line":23},"1":{"name":"hasLiked","decl":{"start":{"line":32,"column":2},"end":{"line":34,"column":3}},"loc":{"start":{"line":32,"column":2},"end":{"line":34,"column":3}},"line":32},"2":{"name":"like","decl":{"start":{"line":41,"column":2},"end":{"line":43,"column":3}},"loc":{"start":{"line":41,"column":2},"end":{"line":43,"column":3}},"line":41},"3":{"name":"unlike","decl":{"start":{"line":50,"column":2},"end":{"line":52,"column":3}},"loc":{"start":{"line":50,"column":2},"end":{"line":52,"column":3}},"line":50}},"f":{"0":28,"1":1,"2":1,"3":1}}
,"/Users/marten/Projects/taggy-sdk/src/services/content.ts": {"path":"/Users/marten/Projects/taggy-sdk/src/services/content.ts","all":false,"statementMap":{"5":{"start":{"line":6,"column":0},"end":{"line":6,"column":37}},"21":{"start":{"line":22,"column":0},"end":{"line":22,"column":49}},"26":{"start":{"line":27,"column":0},"end":{"line":27,"column":45}},"27":{"start":{"line":28,"column":0},"end":{"line":28,"column":19}},"28":{"start":{"line":29,"column":0},"end":{"line":29,"column":3}},"35":{"start":{"line":36,"column":0},"end":{"line":36,"column":58}},"36":{"start":{"line":37,"column":0},"end":{"line":37,"column":74}},"37":{"start":{"line":38,"column":0},"end":{"line":38,"column":3}},"44":{"start":{"line":45,"column":0},"end":{"line":45,"column":78}},"45":{"start":{"line":46,"column":0},"end":{"line":46,"column":53}},"46":{"start":{"line":47,"column":0},"end":{"line":47,"column":3}},"53":{"start":{"line":54,"column":0},"end":{"line":54,"column":80}},"54":{"start":{"line":55,"column":0},"end":{"line":55,"column":51}},"55":{"start":{"line":56,"column":0},"end":{"line":56,"column":3}},"63":{"start":{"line":64,"column":0},"end":{"line":64,"column":89}},"64":{"start":{"line":65,"column":0},"end":{"line":65,"column":80}},"65":{"start":{"line":66,"column":0},"end":{"line":66,"column":3}},"72":{"start":{"line":73,"column":0},"end":{"line":73,"column":67}},"73":{"start":{"line":74,"column":0},"end":{"line":74,"column":77}},"74":{"start":{"line":75,"column":0},"end":{"line":75,"column":3}},"75":{"start":{"line":76,"column":0},"end":{"line":76,"column":1}}},"s":{"5":1,"21":1,"26":1,"27":30,"28":30,"35":1,"36":1,"37":1,"44":1,"45":1,"46":1,"53":1,"54":1,"55":1,"63":1,"64":1,"65":1,"72":1,"73":1,"74":1,"75":1},"branchMap":{"0":{"type":"branch","line":27,"loc":{"start":{"line":27,"column":2},"end":{"line":29,"column":3}},"locations":[{"start":{"line":27,"column":2},"end":{"line":29,"column":3}}]},"1":{"type":"branch","line":36,"loc":{"start":{"line":36,"column":2},"end":{"line":38,"column":3}},"locations":[{"start":{"line":36,"column":2},"end":{"line":38,"column":3}}]},"2":{"type":"branch","line":45,"loc":{"start":{"line":45,"column":2},"end":{"line":47,"column":3}},"locations":[{"start":{"line":45,"column":2},"end":{"line":47,"column":3}}]},"3":{"type":"branch","line":54,"loc":{"start":{"line":54,"column":2},"end":{"line":56,"column":3}},"locations":[{"start":{"line":54,"column":2},"end":{"line":56,"column":3}}]},"4":{"type":"branch","line":64,"loc":{"start":{"line":64,"column":2},"end":{"line":66,"column":3}},"locations":[{"start":{"line":64,"column":2},"end":{"line":66,"column":3}}]},"5":{"type":"branch","line":73,"loc":{"start":{"line":73,"column":2},"end":{"line":75,"column":3}},"locations":[{"start":{"line":73,"column":2},"end":{"line":75,"column":3}}]}},"b":{"0":[30],"1":[1],"2":[1],"3":[1],"4":[1],"5":[1]},"fnMap":{"0":{"name":"ContentService","decl":{"start":{"line":27,"column":2},"end":{"line":29,"column":3}},"loc":{"start":{"line":27,"column":2},"end":{"line":29,"column":3}},"line":27},"1":{"name":"getById","decl":{"start":{"line":36,"column":2},"end":{"line":38,"column":3}},"loc":{"start":{"line":36,"column":2},"end":{"line":38,"column":3}},"line":36},"2":{"name":"list","decl":{"start":{"line":45,"column":2},"end":{"line":47,"column":3}},"loc":{"start":{"line":45,"column":2},"end":{"line":47,"column":3}},"line":45},"3":{"name":"create","decl":{"start":{"line":54,"column":2},"end":{"line":56,"column":3}},"loc":{"start":{"line":54,"column":2},"end":{"line":56,"column":3}},"line":54},"4":{"name":"update","decl":{"start":{"line":64,"column":2},"end":{"line":66,"column":3}},"loc":{"start":{"line":64,"column":2},"end":{"line":66,"column":3}},"line":64},"5":{"name":"deleteContent","decl":{"start":{"line":73,"column":2},"end":{"line":75,"column":3}},"loc":{"start":{"line":73,"column":2},"end":{"line":75,"column":3}},"line":73}},"f":{"0":30,"1":1,"2":1,"3":1,"4":1,"5":1}}
,"/Users/marten/Projects/taggy-sdk/src/services/extension.ts": {"path":"/Users/marten/Projects/taggy-sdk/src/services/extension.ts","all":false,"statementMap":{"5":{"start":{"line":6,"column":0},"end":{"line":6,"column":37}},"30":{"start":{"line":31,"column":0},"end":{"line":31,"column":51}},"35":{"start":{"line":36,"column":0},"end":{"line":36,"column":45}},"36":{"start":{"line":37,"column":0},"end":{"line":37,"column":19}},"37":{"start":{"line":38,"column":0},"end":{"line":38,"column":3}},"44":{"start":{"line":45,"column":0},"end":{"line":45,"column":80}},"45":{"start":{"line":46,"column":0},"end":{"line":46,"column":61}},"46":{"start":{"line":47,"column":0},"end":{"line":47,"column":90}},"47":{"start":{"line":48,"column":0},"end":{"line":48,"column":6}},"48":{"start":{"line":49,"column":0},"end":{"line":49,"column":3}},"55":{"start":{"line":56,"column":0},"end":{"line":56,"column":81}},"56":{"start":{"line":57,"column":0},"end":{"line":57,"column":71}},"57":{"start":{"line":58,"column":0},"end":{"line":58,"column":3}},"64":{"start":{"line":65,"column":0},"end":{"line":65,"column":72}},"65":{"start":{"line":66,"column":0},"end":{"line":66,"column":52}},"66":{"start":{"line":67,"column":0},"end":{"line":67,"column":72}},"67":{"start":{"line":68,"column":0},"end":{"line":68,"column":6}},"68":{"start":{"line":69,"column":0},"end":{"line":69,"column":3}},"75":{"start":{"line":76,"column":0},"end":{"line":76,"column":72}},"76":{"start":{"line":77,"column":0},"end":{"line":77,"column":75}},"77":{"start":{"line":78,"column":0},"end":{"line":78,"column":3}},"84":{"start":{"line":85,"column":0},"end":{"line":85,"column":84}},"85":{"start":{"line":86,"column":0},"end":{"line":86,"column":83}},"86":{"start":{"line":87,"column":0},"end":{"line":87,"column":3}},"93":{"start":{"line":94,"column":0},"end":{"line":94,"column":75}},"94":{"start":{"line":95,"column":0},"end":{"line":95,"column":77}},"95":{"start":{"line":96,"column":0},"end":{"line":96,"column":3}},"102":{"start":{"line":103,"column":0},"end":{"line":103,"column":72}},"103":{"start":{"line":104,"column":0},"end":{"line":104,"column":75}},"104":{"start":{"line":105,"column":0},"end":{"line":105,"column":3}},"111":{"start":{"line":112,"column":0},"end":{"line":112,"column":75}},"112":{"start":{"line":113,"column":0},"end":{"line":113,"column":77}},"113":{"start":{"line":114,"column":0},"end":{"line":114,"column":3}},"120":{"start":{"line":121,"column":0},"end":{"line":121,"column":27}},"124":{"start":{"line":125,"column":0},"end":{"line":125,"column":32}},"125":{"start":{"line":126,"column":0},"end":{"line":126,"column":67}},"126":{"start":{"line":127,"column":0},"end":{"line":127,"column":3}},"127":{"start":{"line":128,"column":0},"end":{"line":128,"column":1}}},"s":{"5":1,"30":1,"35":1,"36":34,"37":34,"44":1,"45":1,"46":1,"47":1,"48":1,"55":1,"56":1,"57":1,"64":1,"65":1,"66":1,"67":1,"68":1,"75":1,"76":1,"77":1,"84":1,"85":1,"86":1,"93":1,"94":1,"95":1,"102":1,"103":1,"104":1,"111":1,"112":1,"113":1,"120":1,"124":1,"125":1,"126":1,"127":1},"branchMap":{"0":{"type":"branch","line":36,"loc":{"start":{"line":36,"column":2},"end":{"line":38,"column":3}},"locations":[{"start":{"line":36,"column":2},"end":{"line":38,"column":3}}]},"1":{"type":"branch","line":45,"loc":{"start":{"line":45,"column":2},"end":{"line":49,"column":3}},"locations":[{"start":{"line":45,"column":2},"end":{"line":49,"column":3}}]},"2":{"type":"branch","line":56,"loc":{"start":{"line":56,"column":2},"end":{"line":58,"column":3}},"locations":[{"start":{"line":56,"column":2},"end":{"line":58,"column":3}}]},"3":{"type":"branch","line":65,"loc":{"start":{"line":65,"column":2},"end":{"line":69,"column":3}},"locations":[{"start":{"line":65,"column":2},"end":{"line":69,"column":3}}]},"4":{"type":"branch","line":76,"loc":{"start":{"line":76,"column":2},"end":{"line":78,"column":3}},"locations":[{"start":{"line":76,"column":2},"end":{"line":78,"column":3}}]},"5":{"type":"branch","line":85,"loc":{"start":{"line":85,"column":2},"end":{"line":87,"column":3}},"locations":[{"start":{"line":85,"column":2},"end":{"line":87,"column":3}}]},"6":{"type":"branch","line":94,"loc":{"start":{"line":94,"column":2},"end":{"line":96,"column":3}},"locations":[{"start":{"line":94,"column":2},"end":{"line":96,"column":3}}]},"7":{"type":"branch","line":103,"loc":{"start":{"line":103,"column":2},"end":{"line":105,"column":3}},"locations":[{"start":{"line":103,"column":2},"end":{"line":105,"column":3}}]},"8":{"type":"branch","line":112,"loc":{"start":{"line":112,"column":2},"end":{"line":114,"column":3}},"locations":[{"start":{"line":112,"column":2},"end":{"line":114,"column":3}}]},"9":{"type":"branch","line":121,"loc":{"start":{"line":121,"column":2},"end":{"line":127,"column":3}},"locations":[{"start":{"line":121,"column":2},"end":{"line":127,"column":3}}]}},"b":{"0":[34],"1":[1],"2":[1],"3":[1],"4":[1],"5":[1],"6":[1],"7":[1],"8":[1],"9":[1]},"fnMap":{"0":{"name":"ExtensionService","decl":{"start":{"line":36,"column":2},"end":{"line":38,"column":3}},"loc":{"start":{"line":36,"column":2},"end":{"line":38,"column":3}},"line":36},"1":{"name":"getAISuggestions","decl":{"start":{"line":45,"column":2},"end":{"line":49,"column":3}},"loc":{"start":{"line":45,"column":2},"end":{"line":49,"column":3}},"line":45},"2":{"name":"archivePage","decl":{"start":{"line":56,"column":2},"end":{"line":58,"column":3}},"loc":{"start":{"line":56,"column":2},"end":{"line":58,"column":3}},"line":56},"3":{"name":"getMediaJobStatus","decl":{"start":{"line":65,"column":2},"end":{"line":69,"column":3}},"loc":{"start":{"line":65,"column":2},"end":{"line":69,"column":3}},"line":65},"4":{"name":"quickTag","decl":{"start":{"line":76,"column":2},"end":{"line":78,"column":3}},"loc":{"start":{"line":76,"column":2},"end":{"line":78,"column":3}},"line":76},"5":{"name":"saveBookmark","decl":{"start":{"line":85,"column":2},"end":{"line":87,"column":3}},"loc":{"start":{"line":85,"column":2},"end":{"line":87,"column":3}},"line":85},"6":{"name":"saveImage","decl":{"start":{"line":94,"column":2},"end":{"line":96,"column":3}},"loc":{"start":{"line":94,"column":2},"end":{"line":96,"column":3}},"line":94},"7":{"name":"saveText","decl":{"start":{"line":103,"column":2},"end":{"line":105,"column":3}},"loc":{"start":{"line":103,"column":2},"end":{"line":105,"column":3}},"line":103},"8":{"name":"saveVideo","decl":{"start":{"line":112,"column":2},"end":{"line":114,"column":3}},"loc":{"start":{"line":112,"column":2},"end":{"line":114,"column":3}},"line":112},"9":{"name":"getTags","decl":{"start":{"line":121,"column":2},"end":{"line":127,"column":3}},"loc":{"start":{"line":121,"column":2},"end":{"line":127,"column":3}},"line":121}},"f":{"0":34,"1":1,"2":1,"3":1,"4":1,"5":1,"6":1,"7":1,"8":1,"9":1}}
,"/Users/marten/Projects/taggy-sdk/src/services/files.ts": {"path":"/Users/marten/Projects/taggy-sdk/src/services/files.ts","all":false,"statementMap":{"5":{"start":{"line":6,"column":0},"end":{"line":6,"column":37}},"20":{"start":{"line":21,"column":0},"end":{"line":21,"column":47}},"25":{"start":{"line":26,"column":0},"end":{"line":26,"column":45}},"26":{"start":{"line":27,"column":0},"end":{"line":27,"column":19}},"27":{"start":{"line":28,"column":0},"end":{"line":28,"column":3}},"34":{"start":{"line":35,"column":0},"end":{"line":35,"column":61}},"35":{"start":{"line":36,"column":0},"end":{"line":36,"column":68}},"36":{"start":{"line":37,"column":0},"end":{"line":37,"column":3}},"43":{"start":{"line":44,"column":0},"end":{"line":44,"column":61}},"44":{"start":{"line":45,"column":0},"end":{"line":45,"column":71}},"45":{"start":{"line":46,"column":0},"end":{"line":46,"column":3}},"52":{"start":{"line":53,"column":0},"end":{"line":53,"column":92}},"53":{"start":{"line":54,"column":0},"end":{"line":54,"column":67}},"54":{"start":{"line":55,"column":0},"end":{"line":55,"column":3}},"61":{"start":{"line":62,"column":0},"end":{"line":62,"column":74}},"62":{"start":{"line":63,"column":0},"end":{"line":63,"column":61}},"63":{"start":{"line":64,"column":0},"end":{"line":64,"column":3}},"64":{"start":{"line":65,"column":0},"end":{"line":65,"column":1}}},"s":{"5":1,"20":1,"25":1,"26":29,"27":29,"34":1,"35":1,"36":1,"43":1,"44":1,"45":1,"52":1,"53":1,"54":1,"61":1,"62":1,"63":1,"64":1},"branchMap":{"0":{"type":"branch","line":26,"loc":{"start":{"line":26,"column":2},"end":{"line":28,"column":3}},"locations":[{"start":{"line":26,"column":2},"end":{"line":28,"column":3}}]},"1":{"type":"branch","line":35,"loc":{"start":{"line":35,"column":2},"end":{"line":37,"column":3}},"locations":[{"start":{"line":35,"column":2},"end":{"line":37,"column":3}}]},"2":{"type":"branch","line":44,"loc":{"start":{"line":44,"column":2},"end":{"line":46,"column":3}},"locations":[{"start":{"line":44,"column":2},"end":{"line":46,"column":3}}]},"3":{"type":"branch","line":53,"loc":{"start":{"line":53,"column":2},"end":{"line":55,"column":3}},"locations":[{"start":{"line":53,"column":2},"end":{"line":55,"column":3}}]},"4":{"type":"branch","line":62,"loc":{"start":{"line":62,"column":2},"end":{"line":64,"column":3}},"locations":[{"start":{"line":62,"column":2},"end":{"line":64,"column":3}}]}},"b":{"0":[29],"1":[1],"2":[1],"3":[1],"4":[1]},"fnMap":{"0":{"name":"FilesService","decl":{"start":{"line":26,"column":2},"end":{"line":28,"column":3}},"loc":{"start":{"line":26,"column":2},"end":{"line":28,"column":3}},"line":26},"1":{"name":"download","decl":{"start":{"line":35,"column":2},"end":{"line":37,"column":3}},"loc":{"start":{"line":35,"column":2},"end":{"line":37,"column":3}},"line":35},"2":{"name":"deleteFile","decl":{"start":{"line":44,"column":2},"end":{"line":46,"column":3}},"loc":{"start":{"line":44,"column":2},"end":{"line":46,"column":3}},"line":44},"3":{"name":"generatePresignedURL","decl":{"start":{"line":53,"column":2},"end":{"line":55,"column":3}},"loc":{"start":{"line":53,"column":2},"end":{"line":55,"column":3}},"line":53},"4":{"name":"upload","decl":{"start":{"line":62,"column":2},"end":{"line":64,"column":3}},"loc":{"start":{"line":62,"column":2},"end":{"line":64,"column":3}},"line":62}},"f":{"0":29,"1":1,"2":1,"3":1,"4":1}}
,"/Users/marten/Projects/taggy-sdk/src/services/likes.ts": {"path":"/Users/marten/Projects/taggy-sdk/src/services/likes.ts","all":false,"statementMap":{"5":{"start":{"line":6,"column":0},"end":{"line":6,"column":37}},"18":{"start":{"line":19,"column":0},"end":{"line":19,"column":47}},"23":{"start":{"line":24,"column":0},"end":{"line":24,"column":45}},"24":{"start":{"line":25,"column":0},"end":{"line":25,"column":19}},"25":{"start":{"line":26,"column":0},"end":{"line":26,"column":3}},"32":{"start":{"line":33,"column":0},"end":{"line":33,"column":83}},"33":{"start":{"line":34,"column":0},"end":{"line":34,"column":49}},"34":{"start":{"line":35,"column":0},"end":{"line":35,"column":72}},"35":{"start":{"line":36,"column":0},"end":{"line":36,"column":3}},"42":{"start":{"line":43,"column":0},"end":{"line":43,"column":59}},"43":{"start":{"line":44,"column":0},"end":{"line":44,"column":52}},"44":{"start":{"line":45,"column":0},"end":{"line":45,"column":72}},"45":{"start":{"line":46,"column":0},"end":{"line":46,"column":6}},"46":{"start":{"line":47,"column":0},"end":{"line":47,"column":3}},"53":{"start":{"line":54,"column":0},"end":{"line":54,"column":69}},"54":{"start":{"line":55,"column":0},"end":{"line":55,"column":53}},"55":{"start":{"line":56,"column":0},"end":{"line":56,"column":72}},"56":{"start":{"line":57,"column":0},"end":{"line":57,"column":6}},"57":{"start":{"line":58,"column":0},"end":{"line":58,"column":3}},"64":{"start":{"line":65,"column":0},"end":{"line":65,"column":73}},"65":{"start":{"line":66,"column":0},"end":{"line":66,"column":55}},"66":{"start":{"line":67,"column":0},"end":{"line":67,"column":72}},"67":{"start":{"line":68,"column":0},"end":{"line":68,"column":6}},"68":{"start":{"line":69,"column":0},"end":{"line":69,"column":3}},"69":{"start":{"line":70,"column":0},"end":{"line":70,"column":1}}},"s":{"5":1,"18":1,"23":1,"24":30,"25":30,"32":1,"33":2,"34":2,"35":2,"42":1,"43":1,"44":1,"45":1,"46":1,"53":1,"54":1,"55":1,"56":1,"57":1,"64":1,"65":1,"66":1,"67":1,"68":1,"69":1},"branchMap":{"0":{"type":"branch","line":24,"loc":{"start":{"line":24,"column":2},"end":{"line":26,"column":3}},"locations":[{"start":{"line":24,"column":2},"end":{"line":26,"column":3}}]},"1":{"type":"branch","line":33,"loc":{"start":{"line":33,"column":2},"end":{"line":36,"column":3}},"locations":[{"start":{"line":33,"column":2},"end":{"line":36,"column":3}}]},"2":{"type":"branch","line":34,"loc":{"start":{"line":34,"column":19},"end":{"line":34,"column":39}},"locations":[{"start":{"line":34,"column":19},"end":{"line":34,"column":39}}]},"3":{"type":"branch","line":34,"loc":{"start":{"line":34,"column":35},"end":{"line":34,"column":49}},"locations":[{"start":{"line":34,"column":35},"end":{"line":34,"column":49}}]},"4":{"type":"branch","line":43,"loc":{"start":{"line":43,"column":2},"end":{"line":47,"column":3}},"locations":[{"start":{"line":43,"column":2},"end":{"line":47,"column":3}}]},"5":{"type":"branch","line":54,"loc":{"start":{"line":54,"column":2},"end":{"line":58,"column":3}},"locations":[{"start":{"line":54,"column":2},"end":{"line":58,"column":3}}]},"6":{"type":"branch","line":65,"loc":{"start":{"line":65,"column":2},"end":{"line":69,"column":3}},"locations":[{"start":{"line":65,"column":2},"end":{"line":69,"column":3}}]}},"b":{"0":[30],"1":[2],"2":[1],"3":[1],"4":[1],"5":[1],"6":[1]},"fnMap":{"0":{"name":"LikesService","decl":{"start":{"line":24,"column":2},"end":{"line":26,"column":3}},"loc":{"start":{"line":24,"column":2},"end":{"line":26,"column":3}},"line":24},"1":{"name":"getLikedCollections","decl":{"start":{"line":33,"column":2},"end":{"line":36,"column":3}},"loc":{"start":{"line":33,"column":2},"end":{"line":36,"column":3}},"line":33},"2":{"name":"checkLike","decl":{"start":{"line":43,"column":2},"end":{"line":47,"column":3}},"loc":{"start":{"line":43,"column":2},"end":{"line":47,"column":3}},"line":43},"3":{"name":"likeCollection","decl":{"start":{"line":54,"column":2},"end":{"line":58,"column":3}},"loc":{"start":{"line":54,"column":2},"end":{"line":58,"column":3}},"line":54},"4":{"name":"unlikeCollection","decl":{"start":{"line":65,"column":2},"end":{"line":69,"column":3}},"loc":{"start":{"line":65,"column":2},"end":{"line":69,"column":3}},"line":65}},"f":{"0":30,"1":2,"2":1,"3":1,"4":1}}
[...]
lumn":15}},"83":{"start":{"line":84,"column":0},"end":{"line":84,"column":39}},"84":{"start":{"line":85,"column":0},"end":{"line":85,"column":41}},"85":{"start":{"line":86,"column":0},"end":{"line":86,"column":61}},"86":{"start":{"line":87,"column":0},"end":{"line":87,"column":90}},"87":{"start":{"line":88,"column":0},"end":{"line":88,"column":11}},"88":{"start":{"line":89,"column":0},"end":{"line":89,"column":6}},"89":{"start":{"line":90,"column":0},"end":{"line":90,"column":3}},"97":{"start":{"line":98,"column":0},"end":{"line":98,"column":24}},"98":{"start":{"line":99,"column":0},"end":{"line":99,"column":15}},"99":{"start":{"line":100,"column":0},"end":{"line":100,"column":37}},"100":{"start":{"line":101,"column":0},"end":{"line":101,"column":39}},"101":{"start":{"line":102,"column":0},"end":{"line":102,"column":56}},"102":{"start":{"line":103,"column":0},"end":{"line":103,"column":78}},"103":{"start":{"line":104,"column":0},"end":{"line":104,"column":11}},"104":{"start":{"line":105,"column":0},"end":{"line":105,"column":6}},"105":{"start":{"line":106,"column":0},"end":{"line":106,"column":3}},"111":{"start":{"line":112,"column":0},"end":{"line":112,"column":61}},"112":{"start":{"line":113,"column":0},"end":{"line":113,"column":68}},"113":{"start":{"line":114,"column":0},"end":{"line":114,"column":3}},"120":{"start":{"line":121,"column":0},"end":{"line":121,"column":73}},"121":{"start":{"line":122,"column":0},"end":{"line":122,"column":57}},"122":{"start":{"line":123,"column":0},"end":{"line":123,"column":80}},"123":{"start":{"line":124,"column":0},"end":{"line":124,"column":6}},"124":{"start":{"line":125,"column":0},"end":{"line":125,"column":3}},"131":{"start":{"line":132,"column":0},"end":{"line":132,"column":75}},"132":{"start":{"line":133,"column":0},"end":{"line":133,"column":58}},"133":{"start":{"line":134,"column":0},"end":{"line":134,"column":82}},"134":{"start":{"line":135,"column":0},"end":{"line":135,"column":6}},"135":{"start":{"line":136,"column":0},"end":{"line":136,"column":3}},"142":{"start":{"line":143,"column":0},"end":{"line":143,"column":74}},"143":{"start":{"line":144,"column":0},"end":{"line":144,"column":49}},"144":{"start":{"line":145,"column":0},"end":{"line":145,"column":66}},"145":{"start":{"line":146,"column":0},"end":{"line":146,"column":6}},"146":{"start":{"line":147,"column":0},"end":{"line":147,"column":3}},"154":{"start":{"line":155,"column":0},"end":{"line":155,"column":84}},"155":{"start":{"line":156,"column":0},"end":{"line":156,"column":49}},"156":{"start":{"line":157,"column":0},"end":{"line":157,"column":64}},"157":{"start":{"line":158,"column":0},"end":{"line":158,"column":11}},"158":{"start":{"line":159,"column":0},"end":{"line":159,"column":6}},"159":{"start":{"line":160,"column":0},"end":{"line":160,"column":3}},"166":{"start":{"line":167,"column":0},"end":{"line":167,"column":78}},"167":{"start":{"line":168,"column":0},"end":{"line":168,"column":75}},"168":{"start":{"line":169,"column":0},"end":{"line":169,"column":3}},"174":{"start":{"line":175,"column":0},"end":{"line":175,"column":57}},"175":{"start":{"line":176,"column":0},"end":{"line":176,"column":68}},"176":{"start":{"line":177,"column":0},"end":{"line":177,"column":3}},"177":{"start":{"line":178,"column":0},"end":{"line":178,"column":1}}},"s":{"5":1,"42":1,"47":1,"48":36,"49":36,"55":1,"56":1,"57":1,"65":1,"66":1,"67":1,"68":1,"69":1,"70":1,"71":1,"72":1,"73":1,"81":1,"82":1,"83":1,"84":1,"85":1,"86":1,"87":1,"88":1,"89":1,"97":1,"98":1,"99":1,"100":1,"101":1,"102":1,"103":1,"104":1,"105":1,"111":1,"112":1,"113":1,"120":1,"121":1,"122":1,"123":1,"124":1,"131":1,"132":1,"133":1,"134":1,"135":1,"142":1,"143":1,"144":1,"145":1,"146":1,"154":1,"155":1,"156":1,"157":1,"158":1,"159":1,"166":1,"167":1,"168":1,"174":1,"175":1,"176":1,"177":1},"branchMap":{"0":{"type":"branch","line":48,"loc":{"start":{"line":48,"column":2},"end":{"line":50,"column":3}},"locations":[{"start":{"line":48,"column":2},"end":{"line":50,"column":3}}]},"1":{"type":"branch","line":56,"loc":{"start":{"line":56,"column":2},"end":{"line":58,"column":3}},"locations":[{"start":{"line":56,"column":2},"end":{"line":58,"column":3}}]},"2":{"type":"branch","line":66,"loc":{"start":{"line":66,"column":2},"end":{"line":74,"column":3}},"locations":[{"start":{"line":66,"column":2},"end":{"line":74,"column":3}}]},"3":{"type":"branch","line":82,"loc":{"start":{"line":82,"column":2},"end":{"line":90,"column":3}},"locations":[{"start":{"line":82,"column":2},"end":{"line":90,"column":3}}]},"4":{"type":"branch","line":98,"loc":{"start":{"line":98,"column":2},"end":{"line":106,"column":3}},"locations":[{"start":{"line":98,"column":2},"end":{"line":106,"column":3}}]},"5":{"type":"branch","line":112,"loc":{"start":{"line":112,"column":2},"end":{"line":114,"column":3}},"locations":[{"start":{"line":112,"column":2},"end":{"line":114,"column":3}}]},"6":{"type":"branch","line":121,"loc":{"start":{"line":121,"column":2},"end":{"line":125,"column":3}},"locations":[{"start":{"line":121,"column":2},"end":{"line":125,"column":3}}]},"7":{"type":"branch","line":132,"loc":{"start":{"line":132,"column":2},"end":{"line":136,"column":3}},"locations":[{"start":{"line":132,"column":2},"end":{"line":136,"column":3}}]},"8":{"type":"branch","line":143,"loc":{"start":{"line":143,"column":2},"end":{"line":147,"column":3}},"locations":[{"start":{"line":143,"column":2},"end":{"line":147,"column":3}}]},"9":{"type":"branch","line":155,"loc":{"start":{"line":155,"column":2},"end":{"line":160,"column":3}},"locations":[{"start":{"line":155,"column":2},"end":{"line":160,"column":3}}]},"10":{"type":"branch","line":167,"loc":{"start":{"line":167,"column":2},"end":{"line":169,"column":3}},"locations":[{"start":{"line":167,"column":2},"end":{"line":169,"column":3}}]},"11":{"type":"branch","line":175,"loc":{"start":{"line":175,"column":2},"end":{"line":177,"column":3}},"locations":[{"start":{"line":175,"column":2},"end":{"line":177,"column":3}}]}},"b":{"0":[36],"1":[1],"2":[1],"3":[1],"4":[1],"5":[1],"6":[1],"7":[1],"8":[1],"9":[1],"10":[1],"11":[1]},"fnMap":{"0":{"name":"SharingService","decl":{"start":{"line":48,"column":2},"end":{"line":50,"column":3}},"loc":{"start":{"line":48,"column":2},"end":{"line":50,"column":3}},"line":48},"1":{"name":"listSharedCollections","decl":{"start":{"line":56,"column":2},"end":{"line":58,"column":3}},"loc":{"start":{"line":56,"column":2},"end":{"line":58,"column":3}},"line":56},"2":{"name":"addCollaborators","decl":{"start":{"line":66,"column":2},"end":{"line":74,"column":3}},"loc":{"start":{"line":66,"column":2},"end":{"line":74,"column":3}},"line":66},"3":{"name":"updatePermissions","decl":{"start":{"line":82,"column":2},"end":{"line":90,"column":3}},"loc":{"start":{"line":82,"column":2},"end":{"line":90,"column":3}},"line":82},"4":{"name":"shareCollection","decl":{"start":{"line":98,"column":2},"end":{"line":106,"column":3}},"loc":{"start":{"line":98,"column":2},"end":{"line":106,"column":3}},"line":98},"5":{"name":"listInvitations","decl":{"start":{"line":112,"column":2},"end":{"line":114,"column":3}},"loc":{"start":{"line":112,"column":2},"end":{"line":114,"column":3}},"line":112},"6":{"name":"acceptInvitation","decl":{"start":{"line":121,"column":2},"end":{"line":125,"column":3}},"loc":{"start":{"line":121,"column":2},"end":{"line":125,"column":3}},"line":121},"7":{"name":"declineInvitation","decl":{"start":{"line":132,"column":2},"end":{"line":136,"column":3}},"loc":{"start":{"line":132,"column":2},"end":{"line":136,"column":3}},"line":132},"8":{"name":"getPublicShare","decl":{"start":{"line":143,"column":2},"end":{"line":147,"column":3}},"loc":{"start":{"line":143,"column":2},"end":{"line":147,"column":3}},"line":143},"9":{"name":"shareTag","decl":{"start":{"line":155,"column":2},"end":{"line":160,"column":3}},"loc":{"start":{"line":155,"column":2},"end":{"line":160,"column":3}},"line":155},"10":{"name":"importTags","decl":{"start":{"line":167,"column":2},"end":{"line":169,"column":3}},"loc":{"start":{"line":167,"column":2},"end":{"line":169,"column":3}},"line":167},"11":{"name":"getPublicTags","decl":{"start":{"line":175,"column":2},"end":{"line":177,"column":3}},"loc":{"start":{"line":175,"column":2},"end":{"line":177,"column":3}},"line":175}},"f":{"0":36,"1":1,"2":1,"3":1,"4":1,"5":1,"6":1,"7":1,"8":1,"9":1,"10":1,"11":1}}
,"/Users/marten/Projects/taggy-sdk/src/services/system.ts": {"path":"/Users/marten/Projects/taggy-sdk/src/services/system.ts","all":false,"statementMap":{"5":{"start":{"line":6,"column":0},"end":{"line":6,"column":37}},"18":{"start":{"line":19,"column":0},"end":{"line":19,"column":48}},"23":{"start":{"line":24,"column":0},"end":{"line":24,"column":45}},"24":{"start":{"line":25,"column":0},"end":{"line":25,"column":19}},"25":{"start":{"line":26,"column":0},"end":{"line":26,"column":3}},"31":{"start":{"line":32,"column":0},"end":{"line":32,"column":41}},"32":{"start":{"line":33,"column":0},"end":{"line":33,"column":9}},"34":{"start":{"line":35,"column":0},"end":{"line":35,"column":78}},"35":{"start":{"line":36,"column":0},"end":{"line":36,"column":21}},"37":{"start":{"line":38,"column":0},"end":{"line":38,"column":56}},"38":{"start":{"line":39,"column":0},"end":{"line":39,"column":71}},"39":{"start":{"line":40,"column":0},"end":{"line":40,"column":5}},"40":{"start":{"line":41,"column":0},"end":{"line":41,"column":3}},"46":{"start":{"line":47,"column":0},"end":{"line":47,"column":43}},"47":{"start":{"line":48,"column":0},"end":{"line":48,"column":9}},"49":{"start":{"line":50,"column":0},"end":{"line":50,"column":80}},"50":{"start":{"line":51,"column":0},"end":{"line":51,"column":21}},"52":{"start":{"line":53,"column":0},"end":{"line":53,"column":53}},"53":{"start":{"line":54,"column":0},"end":{"line":54,"column":32}},"54":{"start":{"line":55,"column":0},"end":{"line":55,"column":70}},"55":{"start":{"line":56,"column":0},"end":{"line":56,"column":36}},"56":{"start":{"line":57,"column":0},"end":{"line":57,"column":5}},"57":{"start":{"line":58,"column":0},"end":{"line":58,"column":3}},"58":{"start":{"line":59,"column":0},"end":{"line":59,"column":1}}},"s":{"5":1,"18":1,"23":1,"24":28,"25":28,"31":1,"32":2,"34":2,"35":2,"37":1,"38":1,"39":1,"40":2,"46":1,"47":1,"49":1,"50":1,"52":0,"53":0,"54":0,"55":0,"56":0,"57":1,"58":1},"branchMap":{"0":{"type":"branch","line":24,"loc":{"start":{"line":24,"column":2},"end":{"line":26,"column":3}},"locations":[{"start":{"line":24,"column":2},"end":{"line":26,"column":3}}]},"1":{"type":"branch","line":32,"loc":{"start":{"line":32,"column":2},"end":{"line":41,"column":3}},"locations":[{"start":{"line":32,"column":2},"end":{"line":41,"column":3}}]},"2":{"type":"branch","line":36,"loc":{"start":{"line":36,"column":4},"end":{"line":40,"column":5}},"locations":[{"start":{"line":36,"column":4},"end":{"line":40,"column":5}}]},"3":{"type":"branch","line":47,"loc":{"start":{"line":47,"column":2},"end":{"line":58,"column":3}},"locations":[{"start":{"line":47,"column":2},"end":{"line":58,"column":3}}]},"4":{"type":"branch","line":51,"loc":{"start":{"line":51,"column":4},"end":{"line":57,"column":5}},"locations":[{"start":{"line":51,"column":4},"end":{"line":57,"column":5}}]}},"b":{"0":[28],"1":[2],"2":[1],"3":[1],"4":[0]},"fnMap":{"0":{"name":"SystemService","decl":{"start":{"line":24,"column":2},"end":{"line":26,"column":3}},"loc":{"start":{"line":24,"column":2},"end":{"line":26,"column":3}},"line":24},"1":{"name":"ready","decl":{"start":{"line":32,"column":2},"end":{"line":41,"column":3}},"loc":{"start":{"line":32,"column":2},"end":{"line":41,"column":3}},"line":32},"2":{"name":"health","decl":{"start":{"line":47,"column":2},"end":{"line":58,"column":3}},"loc":{"start":{"line":47,"column":2},"end":{"line":58,"column":3}},"line":47}},"f":{"0":28,"1":2,"2":1}}
,"/Users/marten/Projects/taggy-sdk/src/services/tag.ts": {"path":"/Users/marten/Projects/taggy-sdk/src/services/tag.ts","all":false,"statementMap":{"5":{"start":{"line":6,"column":0},"end":{"line":6,"column":37}},"22":{"start":{"line":23,"column":0},"end":{"line":23,"column":45}},"27":{"start":{"line":28,"column":0},"end":{"line":28,"column":45}},"28":{"start":{"line":29,"column":0},"end":{"line":29,"column":19}},"29":{"start":{"line":30,"column":0},"end":{"line":30,"column":3}},"36":{"start":{"line":37,"column":0},"end":{"line":37,"column":54}},"37":{"start":{"line":38,"column":0},"end":{"line":38,"column":65}},"38":{"start":{"line":39,"column":0},"end":{"line":39,"column":3}},"45":{"start":{"line":46,"column":0},"end":{"line":46,"column":70}},"46":{"start":{"line":47,"column":0},"end":{"line":47,"column":47}},"47":{"start":{"line":48,"column":0},"end":{"line":48,"column":3}},"54":{"start":{"line":55,"column":0},"end":{"line":55,"column":72}},"55":{"start":{"line":56,"column":0},"end":{"line":56,"column":45}},"56":{"start":{"line":57,"column":0},"end":{"line":57,"column":3}},"64":{"start":{"line":65,"column":0},"end":{"line":65,"column":84}},"65":{"start":{"line":66,"column":0},"end":{"line":66,"column":71}},"66":{"start":{"line":67,"column":0},"end":{"line":67,"column":3}},"73":{"start":{"line":74,"column":0},"end":{"line":74,"column":59}},"74":{"start":{"line":75,"column":0},"end":{"line":75,"column":68}},"75":{"start":{"line":76,"column":0},"end":{"line":76,"column":3}},"76":{"start":{"line":77,"column":0},"end":{"line":77,"column":1}}},"s":{"5":1,"22":1,"27":1,"28":30,"29":30,"36":1,"37":1,"38":1,"45":1,"46":1,"47":1,"54":1,"55":1,"56":1,"64":1,"65":1,"66":1,"73":1,"74":1,"75":1,"76":1},"branchMap":{"0":{"type":"branch","line":28,"loc":{"start":{"line":28,"column":2},"end":{"line":30,"column":3}},"locations":[{"start":{"line":28,"column":2},"end":{"line":30,"column":3}}]},"1":{"type":"branch","line":37,"loc":{"start":{"line":37,"column":2},"end":{"line":39,"column":3}},"locations":[{"start":{"line":37,"column":2},"end":{"line":39,"column":3}}]},"2":{"type":"branch","line":46,"loc":{"start":{"line":46,"column":2},"end":{"line":48,"column":3}},"locations":[{"start":{"line":46,"column":2},"end":{"line":48,"column":3}}]},"3":{"type":"branch","line":55,"loc":{"start":{"line":55,"column":2},"end":{"line":57,"column":3}},"locations":[{"start":{"line":55,"column":2},"end":{"line":57,"column":3}}]},"4":{"type":"branch","line":65,"loc":{"start":{"line":65,"column":2},"end":{"line":67,"column":3}},"locations":[{"start":{"line":65,"column":2},"end":{"line":67,"column":3}}]},"5":{"type":"branch","line":74,"loc":{"start":{"line":74,"column":2},"end":{"line":76,"column":3}},"locations":[{"start":{"line":74,"column":2},"end":{"line":76,"column":3}}]}},"b":{"0":[30],"1":[1],"2":[1],"3":[1],"4":[1],"5":[1]},"fnMap":{"0":{"name":"TagService","decl":{"start":{"line":28,"column":2},"end":{"line":30,"column":3}},"loc":{"start":{"line":28,"column":2},"end":{"line":30,"column":3}},"line":28},"1":{"name":"getById","decl":{"start":{"line":37,"column":2},"end":{"line":39,"column":3}},"loc":{"start":{"line":37,"column":2},"end":{"line":39,"column":3}},"line":37},"2":{"name":"list","decl":{"start":{"line":46,"column":2},"end":{"line":48,"column":3}},"loc":{"start":{"line":46,"column":2},"end":{"line":48,"column":3}},"line":46},"3":{"name":"create","decl":{"start":{"line":55,"column":2},"end":{"line":57,"column":3}},"loc":{"start":{"line":55,"column":2},"end":{"line":57,"column":3}},"line":55},"4":{"name":"update","decl":{"start":{"line":65,"column":2},"end":{"line":67,"column":3}},"loc":{"start":{"line":65,"column":2},"end":{"line":67,"column":3}},"line":65},"5":{"name":"deleteTag","decl":{"start":{"line":74,"column":2},"end":{"line":76,"column":3}},"loc":{"start":{"line":74,"column":2},"end":{"line":76,"column":3}},"line":74}},"f":{"0":30,"1":1,"2":1,"3":1,"4":1,"5":1}}
,"/Users/marten/Projects/taggy-sdk/src/types/fetch.ts": {"path":"/Users/marten/Projects/taggy-sdk/src/types/fetch.ts","all":true,"statementMap":{},"s":{},"branchMap":{"0":{"type":"branch","line":1,"loc":{"start":{"line":1,"column":882},"end":{"line":36,"column":1}},"locations":[{"start":{"line":1,"column":882},"end":{"line":36,"column":1}}]}},"b":{"0":[1]},"fnMap":{"0":{"name":"(empty-report)","decl":{"start":{"line":1,"column":882},"end":{"line":36,"column":1}},"loc":{"start":{"line":1,"column":882},"end":{"line":36,"column":1}},"line":1}},"f":{"0":1}}
,"/Users/marten/Projects/taggy-sdk/src/types/generated.ts": {"path":"/Users/marten/Projects/taggy-sdk/src/types/generated.ts","all":true,"statementMap":{},"s":{},"branchMap":{"0":{"type":"branch","line":1,"loc":{"start":{"line":1,"column":146706},"end":{"line":6278,"column":47}},"locations":[{"start":{"line":1,"column":146706},"end":{"line":6278,"column":47}}]}},"b":{"0":[1]},"fnMap":{"0":{"name":"(empty-report)","decl":{"start":{"line":1,"column":146706},"end":{"line":6278,"column":47}},"loc":{"start":{"line":1,"column":146706},"end":{"line":6278,"column":47}},"line":1}},"f":{"0":1}}
,"/Users/marten/Projects/taggy-sdk/src/utils/helpers.ts": {"path":"/Users/marten/Projects/taggy-sdk/src/utils/helpers.ts","all":false,"statementMap":{"5":{"start":{"line":6,"column":0},"end":{"line":6,"column":50}},"6":{"start":{"line":7,"column":0},"end":{"line":7,"column":7}},"7":{"start":{"line":8,"column":0},"end":{"line":8,"column":17}},"8":{"start":{"line":9,"column":0},"end":{"line":9,"column":16}},"9":{"start":{"line":10,"column":0},"end":{"line":10,"column":19}},"10":{"start":{"line":11,"column":0},"end":{"line":11,"column":17}},"11":{"start":{"line":12,"column":0},"end":{"line":12,"column":3}},"12":{"start":{"line":13,"column":0},"end":{"line":13,"column":1}},"19":{"start":{"line":20,"column":0},"end":{"line":20,"column":48}},"20":{"start":{"line":21,"column":0},"end":{"line":21,"column":48}},"21":{"start":{"line":22,"column":0},"end":{"line":22,"column":1}},"28":{"start":{"line":29,"column":0},"end":{"line":29,"column":62}},"29":{"start":{"line":30,"column":0},"end":{"line":30,"column":86}},"30":{"start":{"line":31,"column":0},"end":{"line":31,"column":18}},"32":{"start":{"line":33,"column":0},"end":{"line":33,"column":36}},"33":{"start":{"line":34,"column":0},"end":{"line":34,"column":70}},"34":{"start":{"line":35,"column":0},"end":{"line":35,"column":45}},"35":{"start":{"line":36,"column":0},"end":{"line":36,"column":3}},"37":{"start":{"line":38,"column":0},"end":{"line":38,"column":16}},"38":{"start":{"line":39,"column":0},"end":{"line":39,"column":1}}},"s":{"5":1,"6":6,"7":6,"8":6,"9":6,"10":3,"11":3,"12":6,"19":1,"20":3,"21":3,"28":1,"29":6,"30":6,"32":6,"33":165,"34":165,"35":165,"37":6,"38":6},"branchMap":{"0":{"type":"branch","line":6,"loc":{"start":{"line":6,"column":7},"end":{"line":13,"column":1}},"locations":[{"start":{"line":6,"column":7},"end":{"line":13,"column":1}}]},"1":{"type":"branch","line":10,"loc":{"start":{"line":10,"column":2},"end":{"line":12,"column":3}},"locations":[{"start":{"line":10,"column":2},"end":{"line":12,"column":3}}]},"2":{"type":"branch","line":20,"loc":{"start":{"line":20,"column":7},"end":{"line":22,"column":1}},"locations":[{"start":{"line":20,"column":7},"end":{"line":22,"column":1}}]},"3":{"type":"branch","line":29,"loc":{"start":{"line":29,"column":7},"end":{"line":39,"column":1}},"locations":[{"start":{"line":29,"column":7},"end":{"line":39,"column":1}}]},"4":{"type":"branch","line":33,"loc":{"start":{"line":33,"column":35},"end":{"line":36,"column":3}},"locations":[{"start":{"line":33,"column":35},"end":{"line":36,"column":3}}]}},"b":{"0":[6],"1":[3],"2":[3],"3":[6],"4":[165]},"fnMap":{"0":{"name":"isValidUrl","decl":{"start":{"line":6,"column":7},"end":{"line":13,"column":1}},"loc":{"start":{"line":6,"column":7},"end":{"line":13,"column":1}},"line":6},"1":{"name":"formatDate","decl":{"start":{"line":20,"column":7},"end":{"line":22,"column":1}},"loc":{"start":{"line":20,"column":7},"end":{"line":22,"column":1}},"line":20},"2":{"name":"generateRandomString","decl":{"start":{"line":29,"column":7},"end":{"line":39,"column":1}},"loc":{"start":{"line":29,"column":7},"end":{"line":39,"column":1}},"line":29}},"f":{"0":6,"1":3,"2":6}}
}
